{"C:\\Users\\Dee\\Desktop\\testing js with jest\\assets\\js\\script.js": {"path":"C:\\Users\\Dee\\Desktop\\testing js with jest\\assets\\js\\script.js","statementMap":{"0":{"start":{"line":3,"column":17},"end":{"line":56,"column":1}},"1":{"start":{"line":57,"column":14},"end":{"line":57,"column":33}},"2":{"start":{"line":60,"column":12},"end":{"line":60,"column":13}},"3":{"start":{"line":63,"column":18},"end":{"line":63,"column":27}},"4":{"start":{"line":64,"column":14},"end":{"line":64,"column":49}},"5":{"start":{"line":65,"column":20},"end":{"line":65,"column":29}},"6":{"start":{"line":66,"column":17},"end":{"line":66,"column":26}},"7":{"start":{"line":67,"column":11},"end":{"line":67,"column":42}},"8":{"start":{"line":68,"column":13},"end":{"line":68,"column":45}},"9":{"start":{"line":69,"column":8},"end":{"line":69,"column":51}},"10":{"start":{"line":70,"column":15},"end":{"line":70,"column":46}},"11":{"start":{"line":71,"column":18},"end":{"line":71,"column":56}},"12":{"start":{"line":73,"column":0},"end":{"line":73,"column":15}},"13":{"start":{"line":78,"column":2},"end":{"line":80,"column":5}},"14":{"start":{"line":79,"column":4},"end":{"line":79,"column":21}},"15":{"start":{"line":81,"column":2},"end":{"line":81,"column":16}},"16":{"start":{"line":82,"column":2},"end":{"line":82,"column":19}},"17":{"start":{"line":84,"column":2},"end":{"line":84,"column":25}},"18":{"start":{"line":85,"column":2},"end":{"line":85,"column":22}},"19":{"start":{"line":86,"column":2},"end":{"line":86,"column":43}},"20":{"start":{"line":87,"column":2},"end":{"line":87,"column":20}},"21":{"start":{"line":88,"column":2},"end":{"line":88,"column":14}},"22":{"start":{"line":91,"column":2},"end":{"line":91,"column":46}},"23":{"start":{"line":100,"column":22},"end":{"line":100,"column":31}},"24":{"start":{"line":101,"column":2},"end":{"line":111,"column":3}},"25":{"start":{"line":102,"column":4},"end":{"line":102,"column":23}},"26":{"start":{"line":103,"column":4},"end":{"line":103,"column":33}},"27":{"start":{"line":104,"column":4},"end":{"line":104,"column":22}},"28":{"start":{"line":105,"column":4},"end":{"line":105,"column":32}},"29":{"start":{"line":106,"column":9},"end":{"line":111,"column":3}},"30":{"start":{"line":107,"column":4},"end":{"line":107,"column":22}},"31":{"start":{"line":108,"column":4},"end":{"line":108,"column":39}},"32":{"start":{"line":109,"column":4},"end":{"line":109,"column":22}},"33":{"start":{"line":110,"column":4},"end":{"line":110,"column":31}},"34":{"start":{"line":116,"column":20},"end":{"line":116,"column":60}},"35":{"start":{"line":117,"column":16},"end":{"line":117,"column":48}},"36":{"start":{"line":118,"column":2},"end":{"line":118,"column":26}},"37":{"start":{"line":120,"column":2},"end":{"line":136,"column":3}},"38":{"start":{"line":124,"column":4},"end":{"line":124,"column":34}},"39":{"start":{"line":125,"column":4},"end":{"line":125,"column":14}},"40":{"start":{"line":126,"column":4},"end":{"line":129,"column":5}},"41":{"start":{"line":127,"column":6},"end":{"line":127,"column":49}},"42":{"start":{"line":128,"column":6},"end":{"line":128,"column":14}},"43":{"start":{"line":130,"column":4},"end":{"line":130,"column":14}},"44":{"start":{"line":131,"column":4},"end":{"line":134,"column":5}},"45":{"start":{"line":132,"column":6},"end":{"line":132,"column":49}},"46":{"start":{"line":133,"column":6},"end":{"line":133,"column":14}},"47":{"start":{"line":137,"column":2},"end":{"line":137,"column":17}},"48":{"start":{"line":142,"column":2},"end":{"line":142,"column":39}},"49":{"start":{"line":147,"column":2},"end":{"line":147,"column":16}},"50":{"start":{"line":148,"column":2},"end":{"line":148,"column":27}},"51":{"start":{"line":149,"column":14},"end":{"line":149,"column":73}},"52":{"start":{"line":150,"column":18},"end":{"line":150,"column":68}},"53":{"start":{"line":151,"column":2},"end":{"line":151,"column":25}},"54":{"start":{"line":152,"column":2},"end":{"line":152,"column":25}},"55":{"start":{"line":153,"column":2},"end":{"line":162,"column":3}},"56":{"start":{"line":154,"column":4},"end":{"line":154,"column":28}},"57":{"start":{"line":155,"column":4},"end":{"line":155,"column":21}},"58":{"start":{"line":156,"column":4},"end":{"line":156,"column":51}},"59":{"start":{"line":157,"column":9},"end":{"line":162,"column":3}},"60":{"start":{"line":159,"column":4},"end":{"line":159,"column":22}},"61":{"start":{"line":160,"column":4},"end":{"line":160,"column":30}},"62":{"start":{"line":161,"column":4},"end":{"line":161,"column":31}},"63":{"start":{"line":167,"column":16},"end":{"line":167,"column":25}},"64":{"start":{"line":169,"column":2},"end":{"line":169,"column":51}},"65":{"start":{"line":170,"column":2},"end":{"line":181,"column":3}},"66":{"start":{"line":179,"column":4},"end":{"line":179,"column":24}},"67":{"start":{"line":182,"column":2},"end":{"line":201,"column":3}},"68":{"start":{"line":192,"column":18},"end":{"line":192,"column":47}},"69":{"start":{"line":193,"column":4},"end":{"line":193,"column":40}},"70":{"start":{"line":194,"column":4},"end":{"line":194,"column":46}},"71":{"start":{"line":195,"column":20},"end":{"line":195,"column":49}},"72":{"start":{"line":196,"column":4},"end":{"line":196,"column":52}},"73":{"start":{"line":197,"column":4},"end":{"line":197,"column":68}},"74":{"start":{"line":198,"column":4},"end":{"line":198,"column":35}},"75":{"start":{"line":199,"column":4},"end":{"line":199,"column":52}},"76":{"start":{"line":203,"column":2},"end":{"line":203,"column":17}},"77":{"start":{"line":208,"column":14},"end":{"line":208,"column":15}},"78":{"start":{"line":209,"column":2},"end":{"line":213,"column":3}},"79":{"start":{"line":210,"column":4},"end":{"line":210,"column":12}},"80":{"start":{"line":211,"column":4},"end":{"line":211,"column":21}},"81":{"start":{"line":212,"column":4},"end":{"line":212,"column":12}},"82":{"start":{"line":214,"column":2},"end":{"line":214,"column":26}},"83":{"start":{"line":215,"column":2},"end":{"line":215,"column":25}},"84":{"start":{"line":216,"column":2},"end":{"line":216,"column":20}},"85":{"start":{"line":219,"column":24},"end":{"line":219,"column":33}},"86":{"start":{"line":220,"column":16},"end":{"line":220,"column":45}},"87":{"start":{"line":221,"column":2},"end":{"line":221,"column":46}},"88":{"start":{"line":222,"column":2},"end":{"line":222,"column":52}},"89":{"start":{"line":223,"column":2},"end":{"line":223,"column":51}},"90":{"start":{"line":224,"column":2},"end":{"line":224,"column":55}},"91":{"start":{"line":225,"column":2},"end":{"line":225,"column":34}},"92":{"start":{"line":230,"column":2},"end":{"line":243,"column":3}},"93":{"start":{"line":231,"column":4},"end":{"line":231,"column":22}},"94":{"start":{"line":232,"column":4},"end":{"line":232,"column":39}},"95":{"start":{"line":233,"column":4},"end":{"line":233,"column":27}},"96":{"start":{"line":234,"column":4},"end":{"line":234,"column":15}},"97":{"start":{"line":235,"column":4},"end":{"line":235,"column":29}},"98":{"start":{"line":236,"column":4},"end":{"line":236,"column":21}},"99":{"start":{"line":237,"column":9},"end":{"line":243,"column":3}},"100":{"start":{"line":238,"column":4},"end":{"line":238,"column":23}},"101":{"start":{"line":239,"column":4},"end":{"line":239,"column":33}},"102":{"start":{"line":240,"column":4},"end":{"line":240,"column":29}},"103":{"start":{"line":241,"column":4},"end":{"line":241,"column":24}},"104":{"start":{"line":246,"column":8},"end":{"line":246,"column":9}},"105":{"start":{"line":248,"column":2},"end":{"line":254,"column":3}},"106":{"start":{"line":250,"column":4},"end":{"line":252,"column":7}},"107":{"start":{"line":251,"column":6},"end":{"line":251,"column":29}},"108":{"start":{"line":253,"column":4},"end":{"line":253,"column":8}},"109":{"start":{"line":256,"column":2},"end":{"line":258,"column":47}},"110":{"start":{"line":263,"column":10},"end":{"line":263,"column":11}},"111":{"start":{"line":264,"column":2},"end":{"line":271,"column":3}},"112":{"start":{"line":266,"column":4},"end":{"line":268,"column":7}},"113":{"start":{"line":267,"column":6},"end":{"line":267,"column":29}},"114":{"start":{"line":269,"column":4},"end":{"line":269,"column":8}},"115":{"start":{"line":273,"column":2},"end":{"line":275,"column":44}},"116":{"start":{"line":277,"column":2},"end":{"line":282,"column":3}},"117":{"start":{"line":278,"column":4},"end":{"line":278,"column":58}},"118":{"start":{"line":279,"column":4},"end":{"line":281,"column":7}},"119":{"start":{"line":280,"column":6},"end":{"line":280,"column":18}},"120":{"start":{"line":288,"column":2},"end":{"line":288,"column":21}},"121":{"start":{"line":290,"column":2},"end":{"line":333,"column":3}},"122":{"start":{"line":291,"column":22},"end":{"line":291,"column":61}},"123":{"start":{"line":292,"column":19},"end":{"line":292,"column":33}},"124":{"start":{"line":293,"column":22},"end":{"line":293,"column":36}},"125":{"start":{"line":294,"column":23},"end":{"line":294,"column":57}},"126":{"start":{"line":295,"column":4},"end":{"line":330,"column":5}},"127":{"start":{"line":297,"column":6},"end":{"line":297,"column":50}},"128":{"start":{"line":298,"column":6},"end":{"line":298,"column":18}},"129":{"start":{"line":299,"column":6},"end":{"line":299,"column":56}},"130":{"start":{"line":300,"column":6},"end":{"line":311,"column":7}},"131":{"start":{"line":304,"column":8},"end":{"line":304,"column":67}},"132":{"start":{"line":308,"column":8},"end":{"line":308,"column":66}},"133":{"start":{"line":309,"column":8},"end":{"line":309,"column":37}},"134":{"start":{"line":310,"column":8},"end":{"line":310,"column":43}},"135":{"start":{"line":313,"column":6},"end":{"line":317,"column":7}},"136":{"start":{"line":314,"column":8},"end":{"line":314,"column":36}},"137":{"start":{"line":316,"column":8},"end":{"line":316,"column":35}},"138":{"start":{"line":323,"column":9},"end":{"line":330,"column":5}},"139":{"start":{"line":325,"column":6},"end":{"line":325,"column":33}},"140":{"start":{"line":326,"column":11},"end":{"line":330,"column":5}},"141":{"start":{"line":327,"column":6},"end":{"line":327,"column":45}},"142":{"start":{"line":328,"column":6},"end":{"line":328,"column":18}},"143":{"start":{"line":329,"column":6},"end":{"line":329,"column":34}},"144":{"start":{"line":339,"column":2},"end":{"line":339,"column":25}},"145":{"start":{"line":344,"column":14},"end":{"line":344,"column":15}},"146":{"start":{"line":345,"column":2},"end":{"line":349,"column":3}},"147":{"start":{"line":346,"column":4},"end":{"line":346,"column":15}},"148":{"start":{"line":347,"column":4},"end":{"line":347,"column":21}},"149":{"start":{"line":348,"column":4},"end":{"line":348,"column":12}},"150":{"start":{"line":350,"column":2},"end":{"line":350,"column":29}},"151":{"start":{"line":351,"column":2},"end":{"line":351,"column":23}},"152":{"start":{"line":355,"column":27},"end":{"line":355,"column":36}},"153":{"start":{"line":356,"column":13},"end":{"line":356,"column":65}},"154":{"start":{"line":357,"column":28},"end":{"line":357,"column":37}},"155":{"start":{"line":358,"column":29},"end":{"line":358,"column":64}},"156":{"start":{"line":359,"column":16},"end":{"line":359,"column":45}},"157":{"start":{"line":360,"column":2},"end":{"line":360,"column":49}},"158":{"start":{"line":361,"column":2},"end":{"line":361,"column":57}},"159":{"start":{"line":363,"column":2},"end":{"line":363,"column":42}},"160":{"start":{"line":364,"column":2},"end":{"line":364,"column":66}},"161":{"start":{"line":367,"column":2},"end":{"line":367,"column":40}},"162":{"start":{"line":371,"column":14},"end":{"line":371,"column":28}},"163":{"start":{"line":372,"column":2},"end":{"line":372,"column":43}},"164":{"start":{"line":374,"column":2},"end":{"line":374,"column":15}},"165":{"start":{"line":382,"column":10},"end":{"line":382,"column":11}},"166":{"start":{"line":383,"column":2},"end":{"line":442,"column":3}},"167":{"start":{"line":384,"column":4},"end":{"line":384,"column":10}},"168":{"start":{"line":385,"column":4},"end":{"line":385,"column":38}},"169":{"start":{"line":387,"column":4},"end":{"line":439,"column":5}},"170":{"start":{"line":388,"column":6},"end":{"line":395,"column":7}},"171":{"start":{"line":389,"column":8},"end":{"line":389,"column":48}},"172":{"start":{"line":390,"column":17},"end":{"line":390,"column":30}},"173":{"start":{"line":391,"column":8},"end":{"line":393,"column":9}},"174":{"start":{"line":392,"column":10},"end":{"line":392,"column":24}},"175":{"start":{"line":396,"column":6},"end":{"line":396,"column":46}},"176":{"start":{"line":398,"column":6},"end":{"line":435,"column":7}},"177":{"start":{"line":399,"column":8},"end":{"line":399,"column":28}},"178":{"start":{"line":400,"column":8},"end":{"line":400,"column":35}},"179":{"start":{"line":405,"column":26},"end":{"line":405,"column":63}},"180":{"start":{"line":406,"column":23},"end":{"line":406,"column":37}},"181":{"start":{"line":407,"column":26},"end":{"line":407,"column":40}},"182":{"start":{"line":408,"column":8},"end":{"line":408,"column":58}},"183":{"start":{"line":409,"column":17},"end":{"line":409,"column":31}},"184":{"start":{"line":410,"column":8},"end":{"line":410,"column":58}},"185":{"start":{"line":411,"column":8},"end":{"line":411,"column":36}},"186":{"start":{"line":412,"column":8},"end":{"line":427,"column":9}},"187":{"start":{"line":413,"column":10},"end":{"line":413,"column":72}},"188":{"start":{"line":415,"column":10},"end":{"line":415,"column":66}},"189":{"start":{"line":416,"column":10},"end":{"line":416,"column":38}},"190":{"start":{"line":417,"column":10},"end":{"line":417,"column":47}},"191":{"start":{"line":419,"column":10},"end":{"line":426,"column":11}},"192":{"start":{"line":420,"column":12},"end":{"line":420,"column":39}},"193":{"start":{"line":421,"column":12},"end":{"line":421,"column":19}},"194":{"start":{"line":423,"column":12},"end":{"line":423,"column":37}},"195":{"start":{"line":424,"column":12},"end":{"line":424,"column":40}},"196":{"start":{"line":425,"column":12},"end":{"line":425,"column":18}},"197":{"start":{"line":428,"column":13},"end":{"line":435,"column":7}},"198":{"start":{"line":429,"column":8},"end":{"line":429,"column":22}},"199":{"start":{"line":430,"column":8},"end":{"line":430,"column":36}},"200":{"start":{"line":431,"column":8},"end":{"line":431,"column":14}},"201":{"start":{"line":432,"column":13},"end":{"line":435,"column":7}},"202":{"start":{"line":433,"column":8},"end":{"line":433,"column":25}},"203":{"start":{"line":434,"column":8},"end":{"line":434,"column":14}},"204":{"start":{"line":437,"column":6},"end":{"line":437,"column":10}},"205":{"start":{"line":438,"column":6},"end":{"line":438,"column":31}},"206":{"start":{"line":446,"column":17},"end":{"line":446,"column":52}},"207":{"start":{"line":447,"column":20},"end":{"line":447,"column":54}},"208":{"start":{"line":448,"column":2},"end":{"line":448,"column":33}},"209":{"start":{"line":453,"column":2},"end":{"line":455,"column":3}},"210":{"start":{"line":454,"column":4},"end":{"line":454,"column":48}},"211":{"start":{"line":456,"column":2},"end":{"line":464,"column":3}},"212":{"start":{"line":458,"column":13},"end":{"line":458,"column":60}},"213":{"start":{"line":459,"column":12},"end":{"line":459,"column":13}},"214":{"start":{"line":460,"column":4},"end":{"line":463,"column":5}},"215":{"start":{"line":461,"column":6},"end":{"line":461,"column":21}},"216":{"start":{"line":462,"column":6},"end":{"line":462,"column":10}},"217":{"start":{"line":469,"column":13},"end":{"line":469,"column":23}},"218":{"start":{"line":470,"column":2},"end":{"line":565,"column":3}},"219":{"start":{"line":471,"column":4},"end":{"line":549,"column":5}},"220":{"start":{"line":472,"column":6},"end":{"line":480,"column":7}},"221":{"start":{"line":473,"column":8},"end":{"line":473,"column":31}},"222":{"start":{"line":474,"column":8},"end":{"line":474,"column":27}},"223":{"start":{"line":475,"column":13},"end":{"line":480,"column":7}},"224":{"start":{"line":476,"column":8},"end":{"line":476,"column":31}},"225":{"start":{"line":477,"column":8},"end":{"line":477,"column":27}},"226":{"start":{"line":479,"column":8},"end":{"line":479,"column":21}},"227":{"start":{"line":481,"column":11},"end":{"line":549,"column":5}},"228":{"start":{"line":482,"column":6},"end":{"line":490,"column":7}},"229":{"start":{"line":483,"column":8},"end":{"line":483,"column":31}},"230":{"start":{"line":484,"column":8},"end":{"line":484,"column":27}},"231":{"start":{"line":485,"column":13},"end":{"line":490,"column":7}},"232":{"start":{"line":486,"column":8},"end":{"line":486,"column":31}},"233":{"start":{"line":487,"column":8},"end":{"line":487,"column":27}},"234":{"start":{"line":489,"column":8},"end":{"line":489,"column":21}},"235":{"start":{"line":491,"column":11},"end":{"line":549,"column":5}},"236":{"start":{"line":492,"column":6},"end":{"line":513,"column":7}},"237":{"start":{"line":496,"column":8},"end":{"line":500,"column":13}},"238":{"start":{"line":499,"column":12},"end":{"line":499,"column":25}},"239":{"start":{"line":501,"column":8},"end":{"line":501,"column":65}},"240":{"start":{"line":502,"column":8},"end":{"line":502,"column":31}},"241":{"start":{"line":503,"column":22},"end":{"line":503,"column":51}},"242":{"start":{"line":504,"column":8},"end":{"line":504,"column":43}},"243":{"start":{"line":505,"column":8},"end":{"line":505,"column":49}},"244":{"start":{"line":506,"column":24},"end":{"line":506,"column":53}},"245":{"start":{"line":507,"column":8},"end":{"line":507,"column":56}},"246":{"start":{"line":508,"column":8},"end":{"line":508,"column":72}},"247":{"start":{"line":509,"column":8},"end":{"line":509,"column":39}},"248":{"start":{"line":510,"column":8},"end":{"line":510,"column":53}},"249":{"start":{"line":512,"column":8},"end":{"line":512,"column":21}},"250":{"start":{"line":514,"column":11},"end":{"line":549,"column":5}},"251":{"start":{"line":520,"column":6},"end":{"line":537,"column":7}},"252":{"start":{"line":521,"column":8},"end":{"line":521,"column":31}},"253":{"start":{"line":522,"column":8},"end":{"line":522,"column":27}},"254":{"start":{"line":523,"column":13},"end":{"line":537,"column":7}},"255":{"start":{"line":531,"column":8},"end":{"line":534,"column":9}},"256":{"start":{"line":532,"column":10},"end":{"line":532,"column":33}},"257":{"start":{"line":533,"column":10},"end":{"line":533,"column":29}},"258":{"start":{"line":536,"column":8},"end":{"line":536,"column":21}},"259":{"start":{"line":538,"column":11},"end":{"line":549,"column":5}},"260":{"start":{"line":545,"column":6},"end":{"line":548,"column":7}},"261":{"start":{"line":546,"column":8},"end":{"line":546,"column":31}},"262":{"start":{"line":547,"column":8},"end":{"line":547,"column":27}},"263":{"start":{"line":550,"column":9},"end":{"line":565,"column":3}},"264":{"start":{"line":551,"column":16},"end":{"line":551,"column":25}},"265":{"start":{"line":552,"column":4},"end":{"line":552,"column":23}},"266":{"start":{"line":553,"column":4},"end":{"line":553,"column":19}},"267":{"start":{"line":554,"column":9},"end":{"line":565,"column":3}},"268":{"start":{"line":555,"column":4},"end":{"line":555,"column":17}},"269":{"start":{"line":566,"column":2},"end":{"line":570,"column":3}},"270":{"start":{"line":567,"column":4},"end":{"line":567,"column":17}},"271":{"start":{"line":569,"column":4},"end":{"line":569,"column":18}},"272":{"start":{"line":575,"column":16},"end":{"line":575,"column":45}},"273":{"start":{"line":576,"column":2},"end":{"line":576,"column":33}},"274":{"start":{"line":577,"column":2},"end":{"line":577,"column":39}},"275":{"start":{"line":578,"column":18},"end":{"line":578,"column":47}},"276":{"start":{"line":579,"column":2},"end":{"line":579,"column":50}},"277":{"start":{"line":580,"column":2},"end":{"line":580,"column":66}},"278":{"start":{"line":581,"column":2},"end":{"line":581,"column":33}},"279":{"start":{"line":635,"column":2},"end":{"line":637,"column":5}},"280":{"start":{"line":636,"column":4},"end":{"line":636,"column":17}},"281":{"start":{"line":638,"column":2},"end":{"line":638,"column":59}},"282":{"start":{"line":639,"column":2},"end":{"line":641,"column":3}},"283":{"start":{"line":640,"column":4},"end":{"line":640,"column":45}},"284":{"start":{"line":642,"column":2},"end":{"line":642,"column":25}},"285":{"start":{"line":643,"column":16},"end":{"line":643,"column":45}},"286":{"start":{"line":644,"column":2},"end":{"line":644,"column":37}},"287":{"start":{"line":645,"column":2},"end":{"line":645,"column":43}},"288":{"start":{"line":646,"column":18},"end":{"line":646,"column":47}},"289":{"start":{"line":647,"column":2},"end":{"line":647,"column":50}},"290":{"start":{"line":648,"column":2},"end":{"line":648,"column":66}},"291":{"start":{"line":649,"column":2},"end":{"line":649,"column":33}},"292":{"start":{"line":650,"column":2},"end":{"line":650,"column":47}},"293":{"start":{"line":651,"column":2},"end":{"line":651,"column":12}},"294":{"start":{"line":652,"column":2},"end":{"line":656,"column":3}},"295":{"start":{"line":653,"column":4},"end":{"line":653,"column":32}},"296":{"start":{"line":654,"column":9},"end":{"line":656,"column":3}},"297":{"start":{"line":655,"column":4},"end":{"line":655,"column":31}},"298":{"start":{"line":661,"column":2},"end":{"line":667,"column":3}},"299":{"start":{"line":662,"column":4},"end":{"line":662,"column":42}},"300":{"start":{"line":663,"column":4},"end":{"line":663,"column":33}},"301":{"start":{"line":664,"column":9},"end":{"line":667,"column":3}},"302":{"start":{"line":665,"column":4},"end":{"line":665,"column":41}},"303":{"start":{"line":666,"column":4},"end":{"line":666,"column":33}},"304":{"start":{"line":672,"column":2},"end":{"line":688,"column":3}},"305":{"start":{"line":673,"column":4},"end":{"line":675,"column":5}},"306":{"start":{"line":674,"column":6},"end":{"line":674,"column":51}},"307":{"start":{"line":676,"column":4},"end":{"line":676,"column":27}},"308":{"start":{"line":677,"column":4},"end":{"line":677,"column":23}},"309":{"start":{"line":678,"column":18},"end":{"line":678,"column":47}},"310":{"start":{"line":679,"column":4},"end":{"line":679,"column":43}},"311":{"start":{"line":680,"column":4},"end":{"line":680,"column":49}},"312":{"start":{"line":681,"column":20},"end":{"line":681,"column":49}},"313":{"start":{"line":682,"column":4},"end":{"line":682,"column":52}},"314":{"start":{"line":683,"column":4},"end":{"line":683,"column":68}},"315":{"start":{"line":684,"column":4},"end":{"line":684,"column":35}},"316":{"start":{"line":694,"column":2},"end":{"line":694,"column":46}},"317":{"start":{"line":695,"column":10},"end":{"line":695,"column":11}},"318":{"start":{"line":696,"column":2},"end":{"line":761,"column":3}},"319":{"start":{"line":697,"column":4},"end":{"line":697,"column":15}},"320":{"start":{"line":698,"column":4},"end":{"line":706,"column":5}},"321":{"start":{"line":700,"column":15},"end":{"line":700,"column":62}},"322":{"start":{"line":701,"column":14},"end":{"line":701,"column":15}},"323":{"start":{"line":702,"column":6},"end":{"line":705,"column":7}},"324":{"start":{"line":703,"column":8},"end":{"line":703,"column":23}},"325":{"start":{"line":704,"column":8},"end":{"line":704,"column":12}},"326":{"start":{"line":707,"column":4},"end":{"line":707,"column":27}},"327":{"start":{"line":708,"column":18},"end":{"line":708,"column":47}},"328":{"start":{"line":709,"column":4},"end":{"line":709,"column":39}},"329":{"start":{"line":710,"column":4},"end":{"line":710,"column":45}},"330":{"start":{"line":711,"column":20},"end":{"line":711,"column":49}},"331":{"start":{"line":712,"column":4},"end":{"line":712,"column":52}},"332":{"start":{"line":713,"column":4},"end":{"line":713,"column":68}},"333":{"start":{"line":714,"column":4},"end":{"line":714,"column":35}},"334":{"start":{"line":715,"column":4},"end":{"line":715,"column":49}},"335":{"start":{"line":716,"column":9},"end":{"line":761,"column":3}},"336":{"start":{"line":717,"column":4},"end":{"line":717,"column":15}},"337":{"start":{"line":718,"column":4},"end":{"line":726,"column":5}},"338":{"start":{"line":720,"column":15},"end":{"line":720,"column":62}},"339":{"start":{"line":721,"column":14},"end":{"line":721,"column":15}},"340":{"start":{"line":722,"column":6},"end":{"line":725,"column":7}},"341":{"start":{"line":723,"column":8},"end":{"line":723,"column":23}},"342":{"start":{"line":724,"column":8},"end":{"line":724,"column":12}},"343":{"start":{"line":727,"column":4},"end":{"line":727,"column":27}},"344":{"start":{"line":728,"column":18},"end":{"line":728,"column":47}},"345":{"start":{"line":729,"column":4},"end":{"line":729,"column":39}},"346":{"start":{"line":730,"column":4},"end":{"line":730,"column":45}},"347":{"start":{"line":731,"column":20},"end":{"line":731,"column":49}},"348":{"start":{"line":732,"column":4},"end":{"line":732,"column":52}},"349":{"start":{"line":733,"column":4},"end":{"line":733,"column":68}},"350":{"start":{"line":734,"column":4},"end":{"line":734,"column":35}},"351":{"start":{"line":735,"column":4},"end":{"line":735,"column":49}},"352":{"start":{"line":736,"column":9},"end":{"line":761,"column":3}},"353":{"start":{"line":737,"column":4},"end":{"line":737,"column":15}},"354":{"start":{"line":739,"column":4},"end":{"line":739,"column":15}},"355":{"start":{"line":763,"column":2},"end":{"line":780,"column":3}},"356":{"start":{"line":764,"column":4},"end":{"line":764,"column":58}},"357":{"start":{"line":765,"column":4},"end":{"line":768,"column":5}},"358":{"start":{"line":766,"column":6},"end":{"line":766,"column":14}},"359":{"start":{"line":767,"column":6},"end":{"line":767,"column":10}},"360":{"start":{"line":769,"column":4},"end":{"line":769,"column":22}},"361":{"start":{"line":770,"column":4},"end":{"line":770,"column":31}},"362":{"start":{"line":771,"column":9},"end":{"line":780,"column":3}},"363":{"start":{"line":772,"column":4},"end":{"line":772,"column":59}},"364":{"start":{"line":773,"column":4},"end":{"line":777,"column":5}},"365":{"start":{"line":774,"column":6},"end":{"line":774,"column":18}},"366":{"start":{"line":775,"column":6},"end":{"line":775,"column":17}},"367":{"start":{"line":776,"column":6},"end":{"line":776,"column":10}},"368":{"start":{"line":784,"column":2},"end":{"line":784,"column":29}},"369":{"start":{"line":785,"column":2},"end":{"line":785,"column":12}},"370":{"start":{"line":786,"column":2},"end":{"line":786,"column":51}},"371":{"start":{"line":788,"column":2},"end":{"line":788,"column":55}},"372":{"start":{"line":793,"column":2},"end":{"line":796,"column":3}},"373":{"start":{"line":794,"column":4},"end":{"line":794,"column":25}},"374":{"start":{"line":795,"column":4},"end":{"line":795,"column":37}},"375":{"start":{"line":801,"column":2},"end":{"line":812,"column":3}},"376":{"start":{"line":802,"column":4},"end":{"line":802,"column":40}},"377":{"start":{"line":804,"column":4},"end":{"line":804,"column":17}},"378":{"start":{"line":805,"column":4},"end":{"line":805,"column":19}},"379":{"start":{"line":806,"column":4},"end":{"line":806,"column":19}},"380":{"start":{"line":807,"column":9},"end":{"line":812,"column":3}},"381":{"start":{"line":808,"column":4},"end":{"line":808,"column":43}},"382":{"start":{"line":809,"column":4},"end":{"line":809,"column":18}},"383":{"start":{"line":810,"column":4},"end":{"line":810,"column":20}},"384":{"start":{"line":811,"column":4},"end":{"line":811,"column":22}},"385":{"start":{"line":813,"column":2},"end":{"line":813,"column":33}},"386":{"start":{"line":815,"column":2},"end":{"line":844,"column":3}},"387":{"start":{"line":817,"column":4},"end":{"line":817,"column":31}},"388":{"start":{"line":818,"column":4},"end":{"line":840,"column":5}},"389":{"start":{"line":826,"column":6},"end":{"line":837,"column":7}},"390":{"start":{"line":827,"column":8},"end":{"line":828,"column":57}},"391":{"start":{"line":829,"column":8},"end":{"line":834,"column":9}},"392":{"start":{"line":830,"column":10},"end":{"line":830,"column":80}},"393":{"start":{"line":832,"column":15},"end":{"line":834,"column":9}},"394":{"start":{"line":833,"column":10},"end":{"line":833,"column":76}},"395":{"start":{"line":836,"column":8},"end":{"line":836,"column":18}},"396":{"start":{"line":839,"column":6},"end":{"line":839,"column":64}},"397":{"start":{"line":841,"column":9},"end":{"line":844,"column":3}},"398":{"start":{"line":842,"column":4},"end":{"line":842,"column":47}},"399":{"start":{"line":843,"column":4},"end":{"line":843,"column":34}},"400":{"start":{"line":873,"column":2},"end":{"line":873,"column":59}},"401":{"start":{"line":873,"column":34},"end":{"line":873,"column":57}},"402":{"start":{"line":877,"column":0},"end":{"line":877,"column":7}},"403":{"start":{"line":879,"column":0},"end":{"line":879,"column":31}}},"fnMap":{"0":{"name":"play","decl":{"start":{"line":77,"column":15},"end":{"line":77,"column":19}},"loc":{"start":{"line":77,"column":22},"end":{"line":97,"column":1}},"line":77},"1":{"name":"(anonymous_1)","decl":{"start":{"line":78,"column":62},"end":{"line":78,"column":63}},"loc":{"start":{"line":78,"column":74},"end":{"line":80,"column":3}},"line":78},"2":{"name":"whoStarts","decl":{"start":{"line":99,"column":15},"end":{"line":99,"column":24}},"loc":{"start":{"line":99,"column":27},"end":{"line":112,"column":1}},"line":99},"3":{"name":"handler","decl":{"start":{"line":115,"column":9},"end":{"line":115,"column":16}},"loc":{"start":{"line":115,"column":19},"end":{"line":138,"column":1}},"line":115},"4":{"name":"random","decl":{"start":{"line":141,"column":9},"end":{"line":141,"column":15}},"loc":{"start":{"line":141,"column":19},"end":{"line":143,"column":1}},"line":141},"5":{"name":"sound","decl":{"start":{"line":146,"column":9},"end":{"line":146,"column":14}},"loc":{"start":{"line":146,"column":28},"end":{"line":163,"column":1}},"line":146},"6":{"name":"startingCard","decl":{"start":{"line":166,"column":9},"end":{"line":166,"column":21}},"loc":{"start":{"line":166,"column":24},"end":{"line":204,"column":1}},"line":166},"7":{"name":"humanPlayer","decl":{"start":{"line":207,"column":15},"end":{"line":207,"column":26}},"loc":{"start":{"line":207,"column":29},"end":{"line":217,"column":1}},"line":207},"8":{"name":"human","decl":{"start":{"line":218,"column":9},"end":{"line":218,"column":14}},"loc":{"start":{"line":218,"column":17},"end":{"line":226,"column":1}},"line":218},"9":{"name":"switchBetweenPlayers","decl":{"start":{"line":229,"column":15},"end":{"line":229,"column":35}},"loc":{"start":{"line":229,"column":44},"end":{"line":244,"column":1}},"line":229},"10":{"name":"removeEventListeners","decl":{"start":{"line":247,"column":15},"end":{"line":247,"column":35}},"loc":{"start":{"line":247,"column":38},"end":{"line":260,"column":1}},"line":247},"11":{"name":"(anonymous_11)","decl":{"start":{"line":250,"column":38},"end":{"line":250,"column":39}},"loc":{"start":{"line":250,"column":50},"end":{"line":252,"column":5}},"line":250},"12":{"name":"addEventListeners","decl":{"start":{"line":262,"column":9},"end":{"line":262,"column":26}},"loc":{"start":{"line":262,"column":29},"end":{"line":283,"column":1}},"line":262},"13":{"name":"(anonymous_13)","decl":{"start":{"line":266,"column":35},"end":{"line":266,"column":36}},"loc":{"start":{"line":266,"column":47},"end":{"line":268,"column":5}},"line":266},"14":{"name":"(anonymous_14)","decl":{"start":{"line":279,"column":65},"end":{"line":279,"column":66}},"loc":{"start":{"line":279,"column":77},"end":{"line":281,"column":5}},"line":279},"15":{"name":"getPlayedCard","decl":{"start":{"line":287,"column":9},"end":{"line":287,"column":22}},"loc":{"start":{"line":287,"column":40},"end":{"line":340,"column":1}},"line":287},"16":{"name":"computerPlayer","decl":{"start":{"line":343,"column":15},"end":{"line":343,"column":29}},"loc":{"start":{"line":343,"column":32},"end":{"line":352,"column":1}},"line":343},"17":{"name":"computer","decl":{"start":{"line":354,"column":9},"end":{"line":354,"column":17}},"loc":{"start":{"line":354,"column":20},"end":{"line":368,"column":1}},"line":354},"18":{"name":"cardOnBoard","decl":{"start":{"line":370,"column":9},"end":{"line":370,"column":20}},"loc":{"start":{"line":370,"column":23},"end":{"line":375,"column":1}},"line":370},"19":{"name":"gameLogic","decl":{"start":{"line":380,"column":9},"end":{"line":380,"column":18}},"loc":{"start":{"line":380,"column":29},"end":{"line":443,"column":1}},"line":380},"20":{"name":"getCardsInPlay","decl":{"start":{"line":445,"column":9},"end":{"line":445,"column":23}},"loc":{"start":{"line":445,"column":47},"end":{"line":449,"column":1}},"line":445},"21":{"name":"RemoveCardsInPlay","decl":{"start":{"line":451,"column":9},"end":{"line":451,"column":26}},"loc":{"start":{"line":451,"column":61},"end":{"line":465,"column":1}},"line":451},"22":{"name":"gameRules","decl":{"start":{"line":468,"column":9},"end":{"line":468,"column":18}},"loc":{"start":{"line":468,"column":42},"end":{"line":571,"column":1}},"line":468},"23":{"name":"(anonymous_23)","decl":{"start":{"line":498,"column":40},"end":{"line":498,"column":41}},"loc":{"start":{"line":498,"column":52},"end":{"line":500,"column":11}},"line":498},"24":{"name":"cardReplace","decl":{"start":{"line":574,"column":9},"end":{"line":574,"column":20}},"loc":{"start":{"line":574,"column":25},"end":{"line":582,"column":1}},"line":574},"25":{"name":"placeCard","decl":{"start":{"line":585,"column":9},"end":{"line":585,"column":18}},"loc":{"start":{"line":585,"column":21},"end":{"line":585,"column":23}},"line":585},"26":{"name":"changeGame","decl":{"start":{"line":588,"column":9},"end":{"line":588,"column":19}},"loc":{"start":{"line":588,"column":22},"end":{"line":600,"column":1}},"line":588},"27":{"name":"jump","decl":{"start":{"line":634,"column":9},"end":{"line":634,"column":13}},"loc":{"start":{"line":634,"column":22},"end":{"line":657,"column":1}},"line":634},"28":{"name":"(anonymous_28)","decl":{"start":{"line":635,"column":66},"end":{"line":635,"column":67}},"loc":{"start":{"line":635,"column":78},"end":{"line":637,"column":3}},"line":635},"29":{"name":"playMore","decl":{"start":{"line":660,"column":9},"end":{"line":660,"column":17}},"loc":{"start":{"line":660,"column":26},"end":{"line":668,"column":1}},"line":660},"30":{"name":"playMoreSame","decl":{"start":{"line":671,"column":9},"end":{"line":671,"column":21}},"loc":{"start":{"line":671,"column":45},"end":{"line":689,"column":1}},"line":671},"31":{"name":"collectCard","decl":{"start":{"line":693,"column":9},"end":{"line":693,"column":20}},"loc":{"start":{"line":693,"column":23},"end":{"line":781,"column":1}},"line":693},"32":{"name":"gameOver","decl":{"start":{"line":783,"column":9},"end":{"line":783,"column":17}},"loc":{"start":{"line":783,"column":20},"end":{"line":789,"column":1}},"line":783},"33":{"name":"timer","decl":{"start":{"line":792,"column":9},"end":{"line":792,"column":14}},"loc":{"start":{"line":792,"column":71},"end":{"line":797,"column":1}},"line":792},"34":{"name":"nkoKadi","decl":{"start":{"line":799,"column":9},"end":{"line":799,"column":16}},"loc":{"start":{"line":799,"column":25},"end":{"line":870,"column":1}},"line":799},"35":{"name":"sleep","decl":{"start":{"line":872,"column":9},"end":{"line":872,"column":14}},"loc":{"start":{"line":872,"column":19},"end":{"line":874,"column":1}},"line":872},"36":{"name":"(anonymous_36)","decl":{"start":{"line":873,"column":21},"end":{"line":873,"column":22}},"loc":{"start":{"line":873,"column":34},"end":{"line":873,"column":57}},"line":873}},"branchMap":{"0":{"loc":{"start":{"line":101,"column":2},"end":{"line":111,"column":3}},"type":"if","locations":[{"start":{"line":101,"column":2},"end":{"line":111,"column":3}},{"start":{"line":101,"column":2},"end":{"line":111,"column":3}}],"line":101},"1":{"loc":{"start":{"line":106,"column":9},"end":{"line":111,"column":3}},"type":"if","locations":[{"start":{"line":106,"column":9},"end":{"line":111,"column":3}},{"start":{"line":106,"column":9},"end":{"line":111,"column":3}}],"line":106},"2":{"loc":{"start":{"line":120,"column":2},"end":{"line":136,"column":3}},"type":"if","locations":[{"start":{"line":120,"column":2},"end":{"line":136,"column":3}},{"start":{"line":120,"column":2},"end":{"line":136,"column":3}}],"line":120},"3":{"loc":{"start":{"line":153,"column":2},"end":{"line":162,"column":3}},"type":"if","locations":[{"start":{"line":153,"column":2},"end":{"line":162,"column":3}},{"start":{"line":153,"column":2},"end":{"line":162,"column":3}}],"line":153},"4":{"loc":{"start":{"line":157,"column":9},"end":{"line":162,"column":3}},"type":"if","locations":[{"start":{"line":157,"column":9},"end":{"line":162,"column":3}},{"start":{"line":157,"column":9},"end":{"line":162,"column":3}}],"line":157},"5":{"loc":{"start":{"line":171,"column":4},"end":{"line":177,"column":22}},"type":"binary-expr","locations":[{"start":{"line":171,"column":4},"end":{"line":171,"column":22}},{"start":{"line":172,"column":4},"end":{"line":172,"column":22}},{"start":{"line":173,"column":4},"end":{"line":173,"column":22}},{"start":{"line":174,"column":4},"end":{"line":174,"column":22}},{"start":{"line":175,"column":4},"end":{"line":175,"column":22}},{"start":{"line":176,"column":4},"end":{"line":176,"column":22}},{"start":{"line":177,"column":4},"end":{"line":177,"column":22}}],"line":171},"6":{"loc":{"start":{"line":182,"column":2},"end":{"line":201,"column":3}},"type":"if","locations":[{"start":{"line":182,"column":2},"end":{"line":201,"column":3}},{"start":{"line":182,"column":2},"end":{"line":201,"column":3}}],"line":182},"7":{"loc":{"start":{"line":183,"column":4},"end":{"line":189,"column":21}},"type":"binary-expr","locations":[{"start":{"line":183,"column":4},"end":{"line":183,"column":21}},{"start":{"line":184,"column":4},"end":{"line":184,"column":21}},{"start":{"line":185,"column":4},"end":{"line":185,"column":21}},{"start":{"line":186,"column":4},"end":{"line":186,"column":21}},{"start":{"line":187,"column":4},"end":{"line":187,"column":21}},{"start":{"line":188,"column":4},"end":{"line":188,"column":21}},{"start":{"line":189,"column":4},"end":{"line":189,"column":21}}],"line":183},"8":{"loc":{"start":{"line":230,"column":2},"end":{"line":243,"column":3}},"type":"if","locations":[{"start":{"line":230,"column":2},"end":{"line":243,"column":3}},{"start":{"line":230,"column":2},"end":{"line":243,"column":3}}],"line":230},"9":{"loc":{"start":{"line":237,"column":9},"end":{"line":243,"column":3}},"type":"if","locations":[{"start":{"line":237,"column":9},"end":{"line":243,"column":3}},{"start":{"line":237,"column":9},"end":{"line":243,"column":3}}],"line":237},"10":{"loc":{"start":{"line":277,"column":2},"end":{"line":282,"column":3}},"type":"if","locations":[{"start":{"line":277,"column":2},"end":{"line":282,"column":3}},{"start":{"line":277,"column":2},"end":{"line":282,"column":3}}],"line":277},"11":{"loc":{"start":{"line":290,"column":2},"end":{"line":333,"column":3}},"type":"if","locations":[{"start":{"line":290,"column":2},"end":{"line":333,"column":3}},{"start":{"line":290,"column":2},"end":{"line":333,"column":3}}],"line":290},"12":{"loc":{"start":{"line":290,"column":6},"end":{"line":290,"column":48}},"type":"binary-expr","locations":[{"start":{"line":290,"column":6},"end":{"line":290,"column":29}},{"start":{"line":290,"column":33},"end":{"line":290,"column":48}}],"line":290},"13":{"loc":{"start":{"line":295,"column":4},"end":{"line":330,"column":5}},"type":"if","locations":[{"start":{"line":295,"column":4},"end":{"line":330,"column":5}},{"start":{"line":295,"column":4},"end":{"line":330,"column":5}}],"line":295},"14":{"loc":{"start":{"line":300,"column":6},"end":{"line":311,"column":7}},"type":"if","locations":[{"start":{"line":300,"column":6},"end":{"line":311,"column":7}},{"start":{"line":300,"column":6},"end":{"line":311,"column":7}}],"line":300},"15":{"loc":{"start":{"line":301,"column":8},"end":{"line":302,"column":70}},"type":"binary-expr","locations":[{"start":{"line":301,"column":8},"end":{"line":301,"column":40}},{"start":{"line":302,"column":9},"end":{"line":302,"column":41}},{"start":{"line":302,"column":45},"end":{"line":302,"column":69}}],"line":301},"16":{"loc":{"start":{"line":313,"column":6},"end":{"line":317,"column":7}},"type":"if","locations":[{"start":{"line":313,"column":6},"end":{"line":317,"column":7}},{"start":{"line":313,"column":6},"end":{"line":317,"column":7}}],"line":313},"17":{"loc":{"start":{"line":313,"column":10},"end":{"line":313,"column":66}},"type":"binary-expr","locations":[{"start":{"line":313,"column":10},"end":{"line":313,"column":36}},{"start":{"line":313,"column":40},"end":{"line":313,"column":66}}],"line":313},"18":{"loc":{"start":{"line":323,"column":9},"end":{"line":330,"column":5}},"type":"if","locations":[{"start":{"line":323,"column":9},"end":{"line":330,"column":5}},{"start":{"line":323,"column":9},"end":{"line":330,"column":5}}],"line":323},"19":{"loc":{"start":{"line":323,"column":13},"end":{"line":323,"column":71}},"type":"binary-expr","locations":[{"start":{"line":323,"column":13},"end":{"line":323,"column":44}},{"start":{"line":323,"column":48},"end":{"line":323,"column":71}}],"line":323},"20":{"loc":{"start":{"line":326,"column":11},"end":{"line":330,"column":5}},"type":"if","locations":[{"start":{"line":326,"column":11},"end":{"line":330,"column":5}},{"start":{"line":326,"column":11},"end":{"line":330,"column":5}}],"line":326},"21":{"loc":{"start":{"line":383,"column":2},"end":{"line":442,"column":3}},"type":"if","locations":[{"start":{"line":383,"column":2},"end":{"line":442,"column":3}},{"start":{"line":383,"column":2},"end":{"line":442,"column":3}}],"line":383},"22":{"loc":{"start":{"line":388,"column":6},"end":{"line":395,"column":7}},"type":"if","locations":[{"start":{"line":388,"column":6},"end":{"line":395,"column":7}},{"start":{"line":388,"column":6},"end":{"line":395,"column":7}}],"line":388},"23":{"loc":{"start":{"line":391,"column":8},"end":{"line":393,"column":9}},"type":"if","locations":[{"start":{"line":391,"column":8},"end":{"line":393,"column":9}},{"start":{"line":391,"column":8},"end":{"line":393,"column":9}}],"line":391},"24":{"loc":{"start":{"line":398,"column":6},"end":{"line":435,"column":7}},"type":"if","locations":[{"start":{"line":398,"column":6},"end":{"line":435,"column":7}},{"start":{"line":398,"column":6},"end":{"line":435,"column":7}}],"line":398},"25":{"loc":{"start":{"line":412,"column":8},"end":{"line":427,"column":9}},"type":"if","locations":[{"start":{"line":412,"column":8},"end":{"line":427,"column":9}},{"start":{"line":412,"column":8},"end":{"line":427,"column":9}}],"line":412},"26":{"loc":{"start":{"line":419,"column":10},"end":{"line":426,"column":11}},"type":"if","locations":[{"start":{"line":419,"column":10},"end":{"line":426,"column":11}},{"start":{"line":419,"column":10},"end":{"line":426,"column":11}}],"line":419},"27":{"loc":{"start":{"line":419,"column":14},"end":{"line":419,"column":44}},"type":"binary-expr","locations":[{"start":{"line":419,"column":14},"end":{"line":419,"column":27}},{"start":{"line":419,"column":31},"end":{"line":419,"column":44}}],"line":419},"28":{"loc":{"start":{"line":428,"column":13},"end":{"line":435,"column":7}},"type":"if","locations":[{"start":{"line":428,"column":13},"end":{"line":435,"column":7}},{"start":{"line":428,"column":13},"end":{"line":435,"column":7}}],"line":428},"29":{"loc":{"start":{"line":428,"column":17},"end":{"line":428,"column":60}},"type":"binary-expr","locations":[{"start":{"line":428,"column":17},"end":{"line":428,"column":40}},{"start":{"line":428,"column":44},"end":{"line":428,"column":60}}],"line":428},"30":{"loc":{"start":{"line":432,"column":13},"end":{"line":435,"column":7}},"type":"if","locations":[{"start":{"line":432,"column":13},"end":{"line":435,"column":7}},{"start":{"line":432,"column":13},"end":{"line":435,"column":7}}],"line":432},"31":{"loc":{"start":{"line":432,"column":17},"end":{"line":432,"column":61}},"type":"binary-expr","locations":[{"start":{"line":432,"column":17},"end":{"line":432,"column":40}},{"start":{"line":432,"column":44},"end":{"line":432,"column":61}}],"line":432},"32":{"loc":{"start":{"line":453,"column":2},"end":{"line":455,"column":3}},"type":"if","locations":[{"start":{"line":453,"column":2},"end":{"line":455,"column":3}},{"start":{"line":453,"column":2},"end":{"line":455,"column":3}}],"line":453},"33":{"loc":{"start":{"line":456,"column":2},"end":{"line":464,"column":3}},"type":"if","locations":[{"start":{"line":456,"column":2},"end":{"line":464,"column":3}},{"start":{"line":456,"column":2},"end":{"line":464,"column":3}}],"line":456},"34":{"loc":{"start":{"line":470,"column":2},"end":{"line":565,"column":3}},"type":"if","locations":[{"start":{"line":470,"column":2},"end":{"line":565,"column":3}},{"start":{"line":470,"column":2},"end":{"line":565,"column":3}}],"line":470},"35":{"loc":{"start":{"line":470,"column":6},"end":{"line":470,"column":70}},"type":"binary-expr","locations":[{"start":{"line":470,"column":6},"end":{"line":470,"column":36}},{"start":{"line":470,"column":40},"end":{"line":470,"column":70}}],"line":470},"36":{"loc":{"start":{"line":471,"column":4},"end":{"line":549,"column":5}},"type":"if","locations":[{"start":{"line":471,"column":4},"end":{"line":549,"column":5}},{"start":{"line":471,"column":4},"end":{"line":549,"column":5}}],"line":471},"37":{"loc":{"start":{"line":472,"column":6},"end":{"line":480,"column":7}},"type":"if","locations":[{"start":{"line":472,"column":6},"end":{"line":480,"column":7}},{"start":{"line":472,"column":6},"end":{"line":480,"column":7}}],"line":472},"38":{"loc":{"start":{"line":472,"column":10},"end":{"line":472,"column":64}},"type":"binary-expr","locations":[{"start":{"line":472,"column":10},"end":{"line":472,"column":40}},{"start":{"line":472,"column":44},"end":{"line":472,"column":64}}],"line":472},"39":{"loc":{"start":{"line":475,"column":13},"end":{"line":480,"column":7}},"type":"if","locations":[{"start":{"line":475,"column":13},"end":{"line":480,"column":7}},{"start":{"line":475,"column":13},"end":{"line":480,"column":7}}],"line":475},"40":{"loc":{"start":{"line":475,"column":17},"end":{"line":475,"column":71}},"type":"binary-expr","locations":[{"start":{"line":475,"column":17},"end":{"line":475,"column":37}},{"start":{"line":475,"column":41},"end":{"line":475,"column":71}}],"line":475},"41":{"loc":{"start":{"line":481,"column":11},"end":{"line":549,"column":5}},"type":"if","locations":[{"start":{"line":481,"column":11},"end":{"line":549,"column":5}},{"start":{"line":481,"column":11},"end":{"line":549,"column":5}}],"line":481},"42":{"loc":{"start":{"line":482,"column":6},"end":{"line":490,"column":7}},"type":"if","locations":[{"start":{"line":482,"column":6},"end":{"line":490,"column":7}},{"start":{"line":482,"column":6},"end":{"line":490,"column":7}}],"line":482},"43":{"loc":{"start":{"line":482,"column":10},"end":{"line":482,"column":64}},"type":"binary-expr","locations":[{"start":{"line":482,"column":10},"end":{"line":482,"column":40}},{"start":{"line":482,"column":44},"end":{"line":482,"column":64}}],"line":482},"44":{"loc":{"start":{"line":485,"column":13},"end":{"line":490,"column":7}},"type":"if","locations":[{"start":{"line":485,"column":13},"end":{"line":490,"column":7}},{"start":{"line":485,"column":13},"end":{"line":490,"column":7}}],"line":485},"45":{"loc":{"start":{"line":485,"column":17},"end":{"line":485,"column":71}},"type":"binary-expr","locations":[{"start":{"line":485,"column":17},"end":{"line":485,"column":37}},{"start":{"line":485,"column":41},"end":{"line":485,"column":71}}],"line":485},"46":{"loc":{"start":{"line":491,"column":11},"end":{"line":549,"column":5}},"type":"if","locations":[{"start":{"line":491,"column":11},"end":{"line":549,"column":5}},{"start":{"line":491,"column":11},"end":{"line":549,"column":5}}],"line":491},"47":{"loc":{"start":{"line":492,"column":6},"end":{"line":513,"column":7}},"type":"if","locations":[{"start":{"line":492,"column":6},"end":{"line":513,"column":7}},{"start":{"line":492,"column":6},"end":{"line":513,"column":7}}],"line":492},"48":{"loc":{"start":{"line":493,"column":8},"end":{"line":494,"column":55}},"type":"binary-expr","locations":[{"start":{"line":493,"column":9},"end":{"line":493,"column":30}},{"start":{"line":493,"column":34},"end":{"line":493,"column":54}},{"start":{"line":494,"column":9},"end":{"line":494,"column":30}},{"start":{"line":494,"column":34},"end":{"line":494,"column":54}}],"line":493},"49":{"loc":{"start":{"line":514,"column":11},"end":{"line":549,"column":5}},"type":"if","locations":[{"start":{"line":514,"column":11},"end":{"line":549,"column":5}},{"start":{"line":514,"column":11},"end":{"line":549,"column":5}}],"line":514},"50":{"loc":{"start":{"line":515,"column":6},"end":{"line":518,"column":27}},"type":"binary-expr","locations":[{"start":{"line":515,"column":6},"end":{"line":515,"column":26}},{"start":{"line":516,"column":6},"end":{"line":516,"column":26}},{"start":{"line":517,"column":6},"end":{"line":517,"column":27}},{"start":{"line":518,"column":6},"end":{"line":518,"column":27}}],"line":515},"51":{"loc":{"start":{"line":520,"column":6},"end":{"line":537,"column":7}},"type":"if","locations":[{"start":{"line":520,"column":6},"end":{"line":537,"column":7}},{"start":{"line":520,"column":6},"end":{"line":537,"column":7}}],"line":520},"52":{"loc":{"start":{"line":520,"column":10},"end":{"line":520,"column":54}},"type":"binary-expr","locations":[{"start":{"line":520,"column":10},"end":{"line":520,"column":30}},{"start":{"line":520,"column":34},"end":{"line":520,"column":54}}],"line":520},"53":{"loc":{"start":{"line":523,"column":13},"end":{"line":537,"column":7}},"type":"if","locations":[{"start":{"line":523,"column":13},"end":{"line":537,"column":7}},{"start":{"line":523,"column":13},"end":{"line":537,"column":7}}],"line":523},"54":{"loc":{"start":{"line":524,"column":8},"end":{"line":529,"column":30}},"type":"binary-expr","locations":[{"start":{"line":524,"column":9},"end":{"line":524,"column":30}},{"start":{"line":524,"column":34},"end":{"line":524,"column":55}},{"start":{"line":525,"column":9},"end":{"line":525,"column":28}},{"start":{"line":526,"column":10},"end":{"line":526,"column":29}},{"start":{"line":527,"column":10},"end":{"line":527,"column":29}},{"start":{"line":528,"column":10},"end":{"line":528,"column":29}},{"start":{"line":529,"column":10},"end":{"line":529,"column":29}}],"line":524},"55":{"loc":{"start":{"line":531,"column":8},"end":{"line":534,"column":9}},"type":"if","locations":[{"start":{"line":531,"column":8},"end":{"line":534,"column":9}},{"start":{"line":531,"column":8},"end":{"line":534,"column":9}}],"line":531},"56":{"loc":{"start":{"line":538,"column":11},"end":{"line":549,"column":5}},"type":"if","locations":[{"start":{"line":538,"column":11},"end":{"line":549,"column":5}},{"start":{"line":538,"column":11},"end":{"line":549,"column":5}}],"line":538},"57":{"loc":{"start":{"line":539,"column":6},"end":{"line":543,"column":26}},"type":"binary-expr","locations":[{"start":{"line":539,"column":6},"end":{"line":539,"column":26}},{"start":{"line":540,"column":6},"end":{"line":540,"column":26}},{"start":{"line":541,"column":6},"end":{"line":541,"column":26}},{"start":{"line":542,"column":6},"end":{"line":542,"column":26}},{"start":{"line":543,"column":6},"end":{"line":543,"column":26}}],"line":539},"58":{"loc":{"start":{"line":545,"column":6},"end":{"line":548,"column":7}},"type":"if","locations":[{"start":{"line":545,"column":6},"end":{"line":548,"column":7}},{"start":{"line":545,"column":6},"end":{"line":548,"column":7}}],"line":545},"59":{"loc":{"start":{"line":545,"column":10},"end":{"line":545,"column":74}},"type":"binary-expr","locations":[{"start":{"line":545,"column":10},"end":{"line":545,"column":40}},{"start":{"line":545,"column":44},"end":{"line":545,"column":74}}],"line":545},"60":{"loc":{"start":{"line":550,"column":9},"end":{"line":565,"column":3}},"type":"if","locations":[{"start":{"line":550,"column":9},"end":{"line":565,"column":3}},{"start":{"line":550,"column":9},"end":{"line":565,"column":3}}],"line":550},"61":{"loc":{"start":{"line":554,"column":9},"end":{"line":565,"column":3}},"type":"if","locations":[{"start":{"line":554,"column":9},"end":{"line":565,"column":3}},{"start":{"line":554,"column":9},"end":{"line":565,"column":3}}],"line":554},"62":{"loc":{"start":{"line":554,"column":13},"end":{"line":554,"column":75}},"type":"binary-expr","locations":[{"start":{"line":554,"column":13},"end":{"line":554,"column":42}},{"start":{"line":554,"column":46},"end":{"line":554,"column":75}}],"line":554},"63":{"loc":{"start":{"line":566,"column":2},"end":{"line":570,"column":3}},"type":"if","locations":[{"start":{"line":566,"column":2},"end":{"line":570,"column":3}},{"start":{"line":566,"column":2},"end":{"line":570,"column":3}}],"line":566},"64":{"loc":{"start":{"line":639,"column":2},"end":{"line":641,"column":3}},"type":"if","locations":[{"start":{"line":639,"column":2},"end":{"line":641,"column":3}},{"start":{"line":639,"column":2},"end":{"line":641,"column":3}}],"line":639},"65":{"loc":{"start":{"line":652,"column":2},"end":{"line":656,"column":3}},"type":"if","locations":[{"start":{"line":652,"column":2},"end":{"line":656,"column":3}},{"start":{"line":652,"column":2},"end":{"line":656,"column":3}}],"line":652},"66":{"loc":{"start":{"line":654,"column":9},"end":{"line":656,"column":3}},"type":"if","locations":[{"start":{"line":654,"column":9},"end":{"line":656,"column":3}},{"start":{"line":654,"column":9},"end":{"line":656,"column":3}}],"line":654},"67":{"loc":{"start":{"line":661,"column":2},"end":{"line":667,"column":3}},"type":"if","locations":[{"start":{"line":661,"column":2},"end":{"line":667,"column":3}},{"start":{"line":661,"column":2},"end":{"line":667,"column":3}}],"line":661},"68":{"loc":{"start":{"line":664,"column":9},"end":{"line":667,"column":3}},"type":"if","locations":[{"start":{"line":664,"column":9},"end":{"line":667,"column":3}},{"start":{"line":664,"column":9},"end":{"line":667,"column":3}}],"line":664},"69":{"loc":{"start":{"line":672,"column":2},"end":{"line":688,"column":3}},"type":"if","locations":[{"start":{"line":672,"column":2},"end":{"line":688,"column":3}},{"start":{"line":672,"column":2},"end":{"line":688,"column":3}}],"line":672},"70":{"loc":{"start":{"line":673,"column":4},"end":{"line":675,"column":5}},"type":"if","locations":[{"start":{"line":673,"column":4},"end":{"line":675,"column":5}},{"start":{"line":673,"column":4},"end":{"line":675,"column":5}}],"line":673},"71":{"loc":{"start":{"line":696,"column":2},"end":{"line":761,"column":3}},"type":"if","locations":[{"start":{"line":696,"column":2},"end":{"line":761,"column":3}},{"start":{"line":696,"column":2},"end":{"line":761,"column":3}}],"line":696},"72":{"loc":{"start":{"line":698,"column":4},"end":{"line":706,"column":5}},"type":"if","locations":[{"start":{"line":698,"column":4},"end":{"line":706,"column":5}},{"start":{"line":698,"column":4},"end":{"line":706,"column":5}}],"line":698},"73":{"loc":{"start":{"line":716,"column":9},"end":{"line":761,"column":3}},"type":"if","locations":[{"start":{"line":716,"column":9},"end":{"line":761,"column":3}},{"start":{"line":716,"column":9},"end":{"line":761,"column":3}}],"line":716},"74":{"loc":{"start":{"line":718,"column":4},"end":{"line":726,"column":5}},"type":"if","locations":[{"start":{"line":718,"column":4},"end":{"line":726,"column":5}},{"start":{"line":718,"column":4},"end":{"line":726,"column":5}}],"line":718},"75":{"loc":{"start":{"line":736,"column":9},"end":{"line":761,"column":3}},"type":"if","locations":[{"start":{"line":736,"column":9},"end":{"line":761,"column":3}},{"start":{"line":736,"column":9},"end":{"line":761,"column":3}}],"line":736},"76":{"loc":{"start":{"line":763,"column":2},"end":{"line":780,"column":3}},"type":"if","locations":[{"start":{"line":763,"column":2},"end":{"line":780,"column":3}},{"start":{"line":763,"column":2},"end":{"line":780,"column":3}}],"line":763},"77":{"loc":{"start":{"line":771,"column":9},"end":{"line":780,"column":3}},"type":"if","locations":[{"start":{"line":771,"column":9},"end":{"line":780,"column":3}},{"start":{"line":771,"column":9},"end":{"line":780,"column":3}}],"line":771},"78":{"loc":{"start":{"line":793,"column":2},"end":{"line":796,"column":3}},"type":"if","locations":[{"start":{"line":793,"column":2},"end":{"line":796,"column":3}},{"start":{"line":793,"column":2},"end":{"line":796,"column":3}}],"line":793},"79":{"loc":{"start":{"line":801,"column":2},"end":{"line":812,"column":3}},"type":"if","locations":[{"start":{"line":801,"column":2},"end":{"line":812,"column":3}},{"start":{"line":801,"column":2},"end":{"line":812,"column":3}}],"line":801},"80":{"loc":{"start":{"line":807,"column":9},"end":{"line":812,"column":3}},"type":"if","locations":[{"start":{"line":807,"column":9},"end":{"line":812,"column":3}},{"start":{"line":807,"column":9},"end":{"line":812,"column":3}}],"line":807},"81":{"loc":{"start":{"line":815,"column":2},"end":{"line":844,"column":3}},"type":"if","locations":[{"start":{"line":815,"column":2},"end":{"line":844,"column":3}},{"start":{"line":815,"column":2},"end":{"line":844,"column":3}}],"line":815},"82":{"loc":{"start":{"line":818,"column":4},"end":{"line":840,"column":5}},"type":"if","locations":[{"start":{"line":818,"column":4},"end":{"line":840,"column":5}},{"start":{"line":818,"column":4},"end":{"line":840,"column":5}}],"line":818},"83":{"loc":{"start":{"line":819,"column":6},"end":{"line":824,"column":30}},"type":"binary-expr","locations":[{"start":{"line":819,"column":6},"end":{"line":819,"column":30}},{"start":{"line":820,"column":6},"end":{"line":820,"column":30}},{"start":{"line":821,"column":6},"end":{"line":821,"column":30}},{"start":{"line":822,"column":6},"end":{"line":822,"column":30}},{"start":{"line":823,"column":6},"end":{"line":823,"column":30}},{"start":{"line":824,"column":6},"end":{"line":824,"column":30}}],"line":819},"84":{"loc":{"start":{"line":826,"column":6},"end":{"line":837,"column":7}},"type":"if","locations":[{"start":{"line":826,"column":6},"end":{"line":837,"column":7}},{"start":{"line":826,"column":6},"end":{"line":837,"column":7}}],"line":826},"85":{"loc":{"start":{"line":826,"column":10},"end":{"line":826,"column":74}},"type":"binary-expr","locations":[{"start":{"line":826,"column":10},"end":{"line":826,"column":40}},{"start":{"line":826,"column":44},"end":{"line":826,"column":74}}],"line":826},"86":{"loc":{"start":{"line":829,"column":8},"end":{"line":834,"column":9}},"type":"if","locations":[{"start":{"line":829,"column":8},"end":{"line":834,"column":9}},{"start":{"line":829,"column":8},"end":{"line":834,"column":9}}],"line":829},"87":{"loc":{"start":{"line":832,"column":15},"end":{"line":834,"column":9}},"type":"if","locations":[{"start":{"line":832,"column":15},"end":{"line":834,"column":9}},{"start":{"line":832,"column":15},"end":{"line":834,"column":9}}],"line":832},"88":{"loc":{"start":{"line":841,"column":9},"end":{"line":844,"column":3}},"type":"if","locations":[{"start":{"line":841,"column":9},"end":{"line":844,"column":3}},{"start":{"line":841,"column":9},"end":{"line":844,"column":3}}],"line":841}},"s":{"0":1,"1":1,"2":1,"3":1,"4":1,"5":1,"6":1,"7":1,"8":1,"9":1,"10":1,"11":1,"12":1,"13":1,"14":0,"15":0,"16":0,"17":0,"18":0,"19":0,"20":0,"21":0,"22":0,"23":0,"24":0,"25":0,"26":0,"27":0,"28":0,"29":0,"30":0,"31":0,"32":0,"33":0,"34":0,"35":0,"36":0,"37":0,"38":0,"39":0,"40":0,"41":0,"42":0,"43":0,"44":0,"45":0,"46":0,"47":0,"48":0,"49":0,"50":0,"51":0,"52":0,"53":0,"54":0,"55":0,"56":0,"57":0,"58":0,"59":0,"60":0,"61":0,"62":0,"63":0,"64":0,"65":0,"66":0,"67":0,"68":0,"69":0,"70":0,"71":0,"72":0,"73":0,"74":0,"75":0,"76":0,"77":0,"78":0,"79":0,"80":0,"81":0,"82":0,"83":0,"84":0,"85":0,"86":0,"87":0,"88":0,"89":0,"90":0,"91":0,"92":0,"93":0,"94":0,"95":0,"96":0,"97":0,"98":0,"99":0,"100":0,"101":0,"102":0,"103":0,"104":1,"105":0,"106":0,"107":0,"108":0,"109":0,"110":0,"111":0,"112":0,"113":0,"114":0,"115":0,"116":0,"117":0,"118":0,"119":0,"120":0,"121":0,"122":0,"123":0,"124":0,"125":0,"126":0,"127":0,"128":0,"129":0,"130":0,"131":0,"132":0,"133":0,"134":0,"135":0,"136":0,"137":0,"138":0,"139":0,"140":0,"141":0,"142":0,"143":0,"144":0,"145":0,"146":0,"147":0,"148":0,"149":0,"150":0,"151":0,"152":0,"153":0,"154":0,"155":0,"156":0,"157":0,"158":0,"159":0,"160":0,"161":0,"162":0,"163":0,"164":0,"165":0,"166":0,"167":0,"168":0,"169":0,"170":0,"171":0,"172":0,"173":0,"174":0,"175":0,"176":0,"177":0,"178":0,"179":0,"180":0,"181":0,"182":0,"183":0,"184":0,"185":0,"186":0,"187":0,"188":0,"189":0,"190":0,"191":0,"192":0,"193":0,"194":0,"195":0,"196":0,"197":0,"198":0,"199":0,"200":0,"201":0,"202":0,"203":0,"204":0,"205":0,"206":0,"207":0,"208":0,"209":0,"210":0,"211":0,"212":0,"213":0,"214":0,"215":0,"216":0,"217":6,"218":6,"219":3,"220":0,"221":0,"222":0,"223":0,"224":0,"225":0,"226":0,"227":3,"228":1,"229":0,"230":0,"231":1,"232":0,"233":0,"234":1,"235":2,"236":0,"237":0,"238":0,"239":0,"240":0,"241":0,"242":0,"243":0,"244":0,"245":0,"246":0,"247":0,"248":0,"249":0,"250":2,"251":0,"252":0,"253":0,"254":0,"255":0,"256":0,"257":0,"258":0,"259":2,"260":2,"261":2,"262":2,"263":3,"264":2,"265":2,"266":2,"267":1,"268":1,"269":4,"270":0,"271":4,"272":0,"273":0,"274":0,"275":0,"276":0,"277":0,"278":0,"279":0,"280":0,"281":0,"282":0,"283":0,"284":0,"285":0,"286":0,"287":0,"288":0,"289":0,"290":0,"291":0,"292":0,"293":0,"294":0,"295":0,"296":0,"297":0,"298":0,"299":0,"300":0,"301":0,"302":0,"303":0,"304":0,"305":0,"306":0,"307":0,"308":0,"309":0,"310":0,"311":0,"312":0,"313":0,"314":0,"315":0,"316":0,"317":0,"318":0,"319":0,"320":0,"321":0,"322":0,"323":0,"324":0,"325":0,"326":0,"327":0,"328":0,"329":0,"330":0,"331":0,"332":0,"333":0,"334":0,"335":0,"336":0,"337":0,"338":0,"339":0,"340":0,"341":0,"342":0,"343":0,"344":0,"345":0,"346":0,"347":0,"348":0,"349":0,"350":0,"351":0,"352":0,"353":0,"354":0,"355":0,"356":0,"357":0,"358":0,"359":0,"360":0,"361":0,"362":0,"363":0,"364":0,"365":0,"366":0,"367":0,"368":0,"369":0,"370":0,"371":0,"372":0,"373":0,"374":0,"375":0,"376":0,"377":0,"378":0,"379":0,"380":0,"381":0,"382":0,"383":0,"384":0,"385":0,"386":0,"387":0,"388":0,"389":0,"390":0,"391":0,"392":0,"393":0,"394":0,"395":0,"396":0,"397":0,"398":0,"399":0,"400":0,"401":0,"402":1,"403":1},"f":{"0":1,"1":0,"2":0,"3":0,"4":0,"5":0,"6":0,"7":0,"8":0,"9":0,"10":0,"11":0,"12":0,"13":0,"14":0,"15":0,"16":0,"17":0,"18":0,"19":0,"20":0,"21":0,"22":6,"23":0,"24":0,"25":0,"26":0,"27":0,"28":0,"29":0,"30":0,"31":0,"32":0,"33":0,"34":0,"35":0,"36":0},"b":{"0":[0,0],"1":[0,0],"2":[0,0],"3":[0,0],"4":[0,0],"5":[0,0,0,0,0,0,0],"6":[0,0],"7":[0,0,0,0,0,0,0],"8":[0,0],"9":[0,0],"10":[0,0],"11":[0,0],"12":[0,0],"13":[0,0],"14":[0,0],"15":[0,0,0],"16":[0,0],"17":[0,0],"18":[0,0],"19":[0,0],"20":[0,0],"21":[0,0],"22":[0,0],"23":[0,0],"24":[0,0],"25":[0,0],"26":[0,0],"27":[0,0],"28":[0,0],"29":[0,0],"30":[0,0],"31":[0,0],"32":[0,0],"33":[0,0],"34":[3,3],"35":[6,6],"36":[0,3],"37":[0,0],"38":[0,0],"39":[0,0],"40":[0,0],"41":[1,2],"42":[0,1],"43":[1,1],"44":[0,1],"45":[1,0],"46":[0,2],"47":[0,0],"48":[0,0,0,0],"49":[0,2],"50":[2,2,2,2],"51":[0,0],"52":[0,0],"53":[0,0],"54":[0,0,0,0,0,0,0],"55":[0,0],"56":[2,0],"57":[2,2,2,2,2],"58":[2,0],"59":[2,2],"60":[2,1],"61":[1,0],"62":[1,1],"63":[0,4],"64":[0,0],"65":[0,0],"66":[0,0],"67":[0,0],"68":[0,0],"69":[0,0],"70":[0,0],"71":[0,0],"72":[0,0],"73":[0,0],"74":[0,0],"75":[0,0],"76":[0,0],"77":[0,0],"78":[0,0],"79":[0,0],"80":[0,0],"81":[0,0],"82":[0,0],"83":[0,0,0,0,0,0],"84":[0,0],"85":[0,0],"86":[0,0],"87":[0,0],"88":[0,0]},"_coverageSchema":"1a1c01bbd47fc00a2c39e90264f33305004495a9","hash":"ef535a6a41504dfdfe35e9fa07786edb8bdbd759"}
}
