{"C:\\Users\\Dee\\Desktop\\testing js with jest\\assets\\js\\functions.js": {"path":"C:\\Users\\Dee\\Desktop\\testing js with jest\\assets\\js\\functions.js","statementMap":{"0":{"start":{"line":1,"column":18},"end":{"line":4,"column":1}},"1":{"start":{"line":2,"column":17},"end":{"line":2,"column":22}},"2":{"start":{"line":3,"column":16},"end":{"line":3,"column":20}},"3":{"start":{"line":7,"column":2},"end":{"line":7,"column":15}},"4":{"start":{"line":9,"column":0},"end":{"line":9,"column":47}}},"fnMap":{"0":{"name":"(anonymous_0)","decl":{"start":{"line":2,"column":7},"end":{"line":2,"column":8}},"loc":{"start":{"line":2,"column":17},"end":{"line":2,"column":22}},"line":2},"1":{"name":"(anonymous_1)","decl":{"start":{"line":3,"column":10},"end":{"line":3,"column":11}},"loc":{"start":{"line":3,"column":16},"end":{"line":3,"column":20}},"line":3},"2":{"name":"multiplication","decl":{"start":{"line":6,"column":9},"end":{"line":6,"column":23}},"loc":{"start":{"line":6,"column":30},"end":{"line":8,"column":1}},"line":6}},"branchMap":{},"s":{"0":1,"1":1,"2":1,"3":1,"4":1},"f":{"0":1,"1":1,"2":1},"b":{},"_coverageSchema":"1a1c01bbd47fc00a2c39e90264f33305004495a9","hash":"3e348e7da84150901147d9d5a1726b6981e12020"}
,"C:\\Users\\Dee\\Desktop\\testing js with jest\\assets\\js\\script.js": {"path":"C:\\Users\\Dee\\Desktop\\testing js with jest\\assets\\js\\script.js","statementMap":{"0":{"start":{"line":3,"column":17},"end":{"line":56,"column":1}},"1":{"start":{"line":57,"column":14},"end":{"line":57,"column":33}},"2":{"start":{"line":60,"column":12},"end":{"line":60,"column":13}},"3":{"start":{"line":63,"column":18},"end":{"line":63,"column":27}},"4":{"start":{"line":64,"column":14},"end":{"line":64,"column":49}},"5":{"start":{"line":65,"column":20},"end":{"line":65,"column":29}},"6":{"start":{"line":66,"column":17},"end":{"line":66,"column":26}},"7":{"start":{"line":67,"column":11},"end":{"line":67,"column":42}},"8":{"start":{"line":68,"column":13},"end":{"line":68,"column":45}},"9":{"start":{"line":69,"column":8},"end":{"line":69,"column":51}},"10":{"start":{"line":70,"column":15},"end":{"line":70,"column":46}},"11":{"start":{"line":71,"column":18},"end":{"line":71,"column":56}},"12":{"start":{"line":73,"column":0},"end":{"line":73,"column":15}},"13":{"start":{"line":78,"column":2},"end":{"line":80,"column":5}},"14":{"start":{"line":79,"column":4},"end":{"line":79,"column":21}},"15":{"start":{"line":81,"column":2},"end":{"line":81,"column":16}},"16":{"start":{"line":82,"column":2},"end":{"line":82,"column":19}},"17":{"start":{"line":84,"column":2},"end":{"line":84,"column":25}},"18":{"start":{"line":85,"column":2},"end":{"line":85,"column":22}},"19":{"start":{"line":86,"column":2},"end":{"line":86,"column":43}},"20":{"start":{"line":87,"column":2},"end":{"line":87,"column":20}},"21":{"start":{"line":88,"column":2},"end":{"line":88,"column":14}},"22":{"start":{"line":91,"column":2},"end":{"line":91,"column":46}},"23":{"start":{"line":100,"column":22},"end":{"line":100,"column":31}},"24":{"start":{"line":101,"column":2},"end":{"line":111,"column":3}},"25":{"start":{"line":102,"column":4},"end":{"line":102,"column":23}},"26":{"start":{"line":103,"column":4},"end":{"line":103,"column":33}},"27":{"start":{"line":104,"column":4},"end":{"line":104,"column":22}},"28":{"start":{"line":105,"column":4},"end":{"line":105,"column":32}},"29":{"start":{"line":106,"column":9},"end":{"line":111,"column":3}},"30":{"start":{"line":107,"column":4},"end":{"line":107,"column":22}},"31":{"start":{"line":108,"column":4},"end":{"line":108,"column":39}},"32":{"start":{"line":109,"column":4},"end":{"line":109,"column":22}},"33":{"start":{"line":110,"column":4},"end":{"line":110,"column":31}},"34":{"start":{"line":116,"column":20},"end":{"line":116,"column":60}},"35":{"start":{"line":117,"column":16},"end":{"line":117,"column":48}},"36":{"start":{"line":118,"column":2},"end":{"line":118,"column":26}},"37":{"start":{"line":120,"column":2},"end":{"line":136,"column":3}},"38":{"start":{"line":124,"column":4},"end":{"line":124,"column":34}},"39":{"start":{"line":125,"column":4},"end":{"line":125,"column":14}},"40":{"start":{"line":126,"column":4},"end":{"line":129,"column":5}},"41":{"start":{"line":127,"column":6},"end":{"line":127,"column":49}},"42":{"start":{"line":128,"column":6},"end":{"line":128,"column":14}},"43":{"start":{"line":130,"column":4},"end":{"line":130,"column":14}},"44":{"start":{"line":131,"column":4},"end":{"line":134,"column":5}},"45":{"start":{"line":132,"column":6},"end":{"line":132,"column":49}},"46":{"start":{"line":133,"column":6},"end":{"line":133,"column":14}},"47":{"start":{"line":137,"column":2},"end":{"line":137,"column":17}},"48":{"start":{"line":142,"column":2},"end":{"line":142,"column":39}},"49":{"start":{"line":147,"column":2},"end":{"line":147,"column":16}},"50":{"start":{"line":148,"column":2},"end":{"line":148,"column":27}},"51":{"start":{"line":149,"column":14},"end":{"line":149,"column":73}},"52":{"start":{"line":150,"column":18},"end":{"line":150,"column":68}},"53":{"start":{"line":151,"column":2},"end":{"line":151,"column":25}},"54":{"start":{"line":152,"column":2},"end":{"line":152,"column":25}},"55":{"start":{"line":153,"column":2},"end":{"line":162,"column":3}},"56":{"start":{"line":154,"column":4},"end":{"line":154,"column":28}},"57":{"start":{"line":155,"column":4},"end":{"line":155,"column":21}},"58":{"start":{"line":156,"column":4},"end":{"line":156,"column":51}},"59":{"start":{"line":157,"column":9},"end":{"line":162,"column":3}},"60":{"start":{"line":159,"column":4},"end":{"line":159,"column":22}},"61":{"start":{"line":160,"column":4},"end":{"line":160,"column":30}},"62":{"start":{"line":161,"column":4},"end":{"line":161,"column":31}},"63":{"start":{"line":167,"column":16},"end":{"line":167,"column":25}},"64":{"start":{"line":169,"column":2},"end":{"line":169,"column":51}},"65":{"start":{"line":170,"column":2},"end":{"line":181,"column":3}},"66":{"start":{"line":179,"column":4},"end":{"line":179,"column":24}},"67":{"start":{"line":182,"column":2},"end":{"line":201,"column":3}},"68":{"start":{"line":192,"column":18},"end":{"line":192,"column":47}},"69":{"start":{"line":193,"column":4},"end":{"line":193,"column":40}},"70":{"start":{"line":194,"column":4},"end":{"line":194,"column":46}},"71":{"start":{"line":195,"column":20},"end":{"line":195,"column":49}},"72":{"start":{"line":196,"column":4},"end":{"line":196,"column":52}},"73":{"start":{"line":197,"column":4},"end":{"line":197,"column":68}},"74":{"start":{"line":198,"column":4},"end":{"line":198,"column":35}},"75":{"start":{"line":199,"column":4},"end":{"line":199,"column":52}},"76":{"start":{"line":203,"column":2},"end":{"line":203,"column":17}},"77":{"start":{"line":208,"column":14},"end":{"line":208,"column":15}},"78":{"start":{"line":209,"column":2},"end":{"line":213,"column":3}},"79":{"start":{"line":210,"column":4},"end":{"line":210,"column":12}},"80":{"start":{"line":211,"column":4},"end":{"line":211,"column":21}},"81":{"start":{"line":212,"column":4},"end":{"line":212,"column":12}},"82":{"start":{"line":214,"column":2},"end":{"line":214,"column":26}},"83":{"start":{"line":215,"column":2},"end":{"line":215,"column":25}},"84":{"start":{"line":216,"column":2},"end":{"line":216,"column":20}},"85":{"start":{"line":219,"column":24},"end":{"line":219,"column":33}},"86":{"start":{"line":220,"column":16},"end":{"line":220,"column":45}},"87":{"start":{"line":221,"column":2},"end":{"line":221,"column":46}},"88":{"start":{"line":222,"column":2},"end":{"line":222,"column":52}},"89":{"start":{"line":223,"column":2},"end":{"line":223,"column":51}},"90":{"start":{"line":224,"column":2},"end":{"line":224,"column":55}},"91":{"start":{"line":225,"column":2},"end":{"line":225,"column":34}},"92":{"start":{"line":230,"column":2},"end":{"line":243,"column":3}},"93":{"start":{"line":231,"column":4},"end":{"line":231,"column":22}},"94":{"start":{"line":232,"column":4},"end":{"line":232,"column":39}},"95":{"start":{"line":233,"column":4},"end":{"line":233,"column":27}},"96":{"start":{"line":234,"column":4},"end":{"line":234,"column":15}},"97":{"start":{"line":235,"column":4},"end":{"line":235,"column":29}},"98":{"start":{"line":236,"column":4},"end":{"line":236,"column":21}},"99":{"start":{"line":237,"column":9},"end":{"line":243,"column":3}},"100":{"start":{"line":238,"column":4},"end":{"line":238,"column":23}},"101":{"start":{"line":239,"column":4},"end":{"line":239,"column":33}},"102":{"start":{"line":240,"column":4},"end":{"line":240,"column":29}},"103":{"start":{"line":241,"column":4},"end":{"line":241,"column":24}},"104":{"start":{"line":246,"column":8},"end":{"line":246,"column":9}},"105":{"start":{"line":248,"column":2},"end":{"line":254,"column":3}},"106":{"start":{"line":250,"column":4},"end":{"line":252,"column":7}},"107":{"start":{"line":251,"column":6},"end":{"line":251,"column":29}},"108":{"start":{"line":253,"column":4},"end":{"line":253,"column":8}},"109":{"start":{"line":256,"column":2},"end":{"line":258,"column":47}},"110":{"start":{"line":263,"column":10},"end":{"line":263,"column":11}},"111":{"start":{"line":264,"column":2},"end":{"line":271,"column":3}},"112":{"start":{"line":266,"column":4},"end":{"line":268,"column":7}},"113":{"start":{"line":267,"column":6},"end":{"line":267,"column":29}},"114":{"start":{"line":269,"column":4},"end":{"line":269,"column":8}},"115":{"start":{"line":273,"column":2},"end":{"line":275,"column":44}},"116":{"start":{"line":277,"column":2},"end":{"line":282,"column":3}},"117":{"start":{"line":278,"column":4},"end":{"line":278,"column":58}},"118":{"start":{"line":279,"column":4},"end":{"line":281,"column":7}},"119":{"start":{"line":280,"column":6},"end":{"line":280,"column":17}},"120":{"start":{"line":288,"column":2},"end":{"line":288,"column":21}},"121":{"start":{"line":290,"column":2},"end":{"line":327,"column":3}},"122":{"start":{"line":291,"column":23},"end":{"line":291,"column":57}},"123":{"start":{"line":292,"column":4},"end":{"line":324,"column":5}},"124":{"start":{"line":293,"column":6},"end":{"line":293,"column":55}},"125":{"start":{"line":294,"column":6},"end":{"line":294,"column":52}},"126":{"start":{"line":295,"column":6},"end":{"line":295,"column":18}},"127":{"start":{"line":296,"column":6},"end":{"line":296,"column":56}},"128":{"start":{"line":297,"column":6},"end":{"line":305,"column":7}},"129":{"start":{"line":301,"column":8},"end":{"line":301,"column":67}},"130":{"start":{"line":304,"column":8},"end":{"line":304,"column":43}},"131":{"start":{"line":307,"column":6},"end":{"line":311,"column":7}},"132":{"start":{"line":308,"column":8},"end":{"line":308,"column":36}},"133":{"start":{"line":310,"column":8},"end":{"line":310,"column":35}},"134":{"start":{"line":317,"column":9},"end":{"line":324,"column":5}},"135":{"start":{"line":319,"column":6},"end":{"line":319,"column":33}},"136":{"start":{"line":320,"column":11},"end":{"line":324,"column":5}},"137":{"start":{"line":321,"column":6},"end":{"line":321,"column":45}},"138":{"start":{"line":322,"column":6},"end":{"line":322,"column":18}},"139":{"start":{"line":323,"column":6},"end":{"line":323,"column":34}},"140":{"start":{"line":333,"column":2},"end":{"line":333,"column":25}},"141":{"start":{"line":338,"column":14},"end":{"line":338,"column":15}},"142":{"start":{"line":339,"column":2},"end":{"line":343,"column":3}},"143":{"start":{"line":340,"column":4},"end":{"line":340,"column":15}},"144":{"start":{"line":341,"column":4},"end":{"line":341,"column":21}},"145":{"start":{"line":342,"column":4},"end":{"line":342,"column":12}},"146":{"start":{"line":344,"column":2},"end":{"line":344,"column":29}},"147":{"start":{"line":345,"column":2},"end":{"line":345,"column":23}},"148":{"start":{"line":349,"column":27},"end":{"line":349,"column":36}},"149":{"start":{"line":350,"column":13},"end":{"line":350,"column":65}},"150":{"start":{"line":351,"column":28},"end":{"line":351,"column":37}},"151":{"start":{"line":352,"column":29},"end":{"line":352,"column":64}},"152":{"start":{"line":353,"column":16},"end":{"line":353,"column":45}},"153":{"start":{"line":354,"column":2},"end":{"line":354,"column":49}},"154":{"start":{"line":355,"column":2},"end":{"line":355,"column":57}},"155":{"start":{"line":357,"column":2},"end":{"line":357,"column":42}},"156":{"start":{"line":358,"column":2},"end":{"line":358,"column":66}},"157":{"start":{"line":361,"column":2},"end":{"line":361,"column":40}},"158":{"start":{"line":365,"column":14},"end":{"line":365,"column":28}},"159":{"start":{"line":366,"column":2},"end":{"line":366,"column":43}},"160":{"start":{"line":368,"column":2},"end":{"line":368,"column":15}},"161":{"start":{"line":376,"column":10},"end":{"line":376,"column":11}},"162":{"start":{"line":377,"column":2},"end":{"line":436,"column":3}},"163":{"start":{"line":378,"column":4},"end":{"line":378,"column":10}},"164":{"start":{"line":379,"column":4},"end":{"line":379,"column":38}},"165":{"start":{"line":381,"column":4},"end":{"line":433,"column":5}},"166":{"start":{"line":382,"column":6},"end":{"line":386,"column":7}},"167":{"start":{"line":383,"column":8},"end":{"line":383,"column":48}},"168":{"start":{"line":384,"column":8},"end":{"line":384,"column":22}},"169":{"start":{"line":387,"column":6},"end":{"line":387,"column":46}},"170":{"start":{"line":389,"column":6},"end":{"line":429,"column":7}},"171":{"start":{"line":390,"column":8},"end":{"line":390,"column":28}},"172":{"start":{"line":391,"column":8},"end":{"line":391,"column":35}},"173":{"start":{"line":392,"column":8},"end":{"line":416,"column":9}},"174":{"start":{"line":396,"column":10},"end":{"line":396,"column":60}},"175":{"start":{"line":397,"column":19},"end":{"line":397,"column":33}},"176":{"start":{"line":398,"column":10},"end":{"line":398,"column":60}},"177":{"start":{"line":399,"column":10},"end":{"line":399,"column":38}},"178":{"start":{"line":400,"column":10},"end":{"line":407,"column":11}},"179":{"start":{"line":404,"column":12},"end":{"line":404,"column":74}},"180":{"start":{"line":406,"column":12},"end":{"line":406,"column":49}},"181":{"start":{"line":408,"column":10},"end":{"line":415,"column":11}},"182":{"start":{"line":409,"column":12},"end":{"line":409,"column":39}},"183":{"start":{"line":410,"column":12},"end":{"line":410,"column":19}},"184":{"start":{"line":412,"column":12},"end":{"line":412,"column":37}},"185":{"start":{"line":413,"column":12},"end":{"line":413,"column":40}},"186":{"start":{"line":414,"column":12},"end":{"line":414,"column":18}},"187":{"start":{"line":417,"column":13},"end":{"line":429,"column":7}},"188":{"start":{"line":418,"column":8},"end":{"line":418,"column":22}},"189":{"start":{"line":419,"column":8},"end":{"line":419,"column":36}},"190":{"start":{"line":420,"column":8},"end":{"line":420,"column":14}},"191":{"start":{"line":426,"column":11},"end":{"line":429,"column":7}},"192":{"start":{"line":427,"column":8},"end":{"line":427,"column":25}},"193":{"start":{"line":428,"column":8},"end":{"line":428,"column":14}},"194":{"start":{"line":431,"column":6},"end":{"line":431,"column":10}},"195":{"start":{"line":432,"column":6},"end":{"line":432,"column":31}},"196":{"start":{"line":441,"column":13},"end":{"line":441,"column":23}},"197":{"start":{"line":442,"column":17},"end":{"line":442,"column":52}},"198":{"start":{"line":443,"column":20},"end":{"line":443,"column":54}},"199":{"start":{"line":445,"column":2},"end":{"line":682,"column":3}},"200":{"start":{"line":449,"column":4},"end":{"line":644,"column":5}},"201":{"start":{"line":450,"column":6},"end":{"line":484,"column":7}},"202":{"start":{"line":452,"column":8},"end":{"line":454,"column":9}},"203":{"start":{"line":453,"column":10},"end":{"line":453,"column":54}},"204":{"start":{"line":455,"column":8},"end":{"line":463,"column":9}},"205":{"start":{"line":457,"column":19},"end":{"line":457,"column":66}},"206":{"start":{"line":458,"column":18},"end":{"line":458,"column":19}},"207":{"start":{"line":459,"column":10},"end":{"line":462,"column":11}},"208":{"start":{"line":460,"column":12},"end":{"line":460,"column":27}},"209":{"start":{"line":461,"column":12},"end":{"line":461,"column":16}},"210":{"start":{"line":464,"column":8},"end":{"line":464,"column":43}},"211":{"start":{"line":465,"column":13},"end":{"line":484,"column":7}},"212":{"start":{"line":467,"column":8},"end":{"line":469,"column":9}},"213":{"start":{"line":468,"column":10},"end":{"line":468,"column":54}},"214":{"start":{"line":470,"column":8},"end":{"line":478,"column":9}},"215":{"start":{"line":472,"column":19},"end":{"line":472,"column":66}},"216":{"start":{"line":473,"column":18},"end":{"line":473,"column":19}},"217":{"start":{"line":474,"column":10},"end":{"line":477,"column":11}},"218":{"start":{"line":475,"column":12},"end":{"line":475,"column":27}},"219":{"start":{"line":476,"column":12},"end":{"line":476,"column":16}},"220":{"start":{"line":479,"column":8},"end":{"line":479,"column":43}},"221":{"start":{"line":480,"column":13},"end":{"line":484,"column":7}},"222":{"start":{"line":485,"column":11},"end":{"line":644,"column":5}},"223":{"start":{"line":486,"column":6},"end":{"line":520,"column":7}},"224":{"start":{"line":488,"column":8},"end":{"line":490,"column":9}},"225":{"start":{"line":489,"column":10},"end":{"line":489,"column":54}},"226":{"start":{"line":491,"column":8},"end":{"line":499,"column":9}},"227":{"start":{"line":493,"column":19},"end":{"line":493,"column":66}},"228":{"start":{"line":494,"column":18},"end":{"line":494,"column":19}},"229":{"start":{"line":495,"column":10},"end":{"line":498,"column":11}},"230":{"start":{"line":496,"column":12},"end":{"line":496,"column":27}},"231":{"start":{"line":497,"column":12},"end":{"line":497,"column":16}},"232":{"start":{"line":500,"column":8},"end":{"line":500,"column":43}},"233":{"start":{"line":501,"column":13},"end":{"line":520,"column":7}},"234":{"start":{"line":503,"column":8},"end":{"line":505,"column":9}},"235":{"start":{"line":504,"column":10},"end":{"line":504,"column":54}},"236":{"start":{"line":506,"column":8},"end":{"line":514,"column":9}},"237":{"start":{"line":508,"column":19},"end":{"line":508,"column":66}},"238":{"start":{"line":509,"column":18},"end":{"line":509,"column":19}},"239":{"start":{"line":510,"column":10},"end":{"line":513,"column":11}},"240":{"start":{"line":511,"column":12},"end":{"line":511,"column":27}},"241":{"start":{"line":512,"column":12},"end":{"line":512,"column":16}},"242":{"start":{"line":515,"column":8},"end":{"line":515,"column":43}},"243":{"start":{"line":516,"column":13},"end":{"line":520,"column":7}},"244":{"start":{"line":521,"column":11},"end":{"line":644,"column":5}},"245":{"start":{"line":528,"column":6},"end":{"line":561,"column":7}},"246":{"start":{"line":533,"column":8},"end":{"line":535,"column":9}},"247":{"start":{"line":534,"column":10},"end":{"line":534,"column":54}},"248":{"start":{"line":536,"column":8},"end":{"line":544,"column":9}},"249":{"start":{"line":538,"column":19},"end":{"line":538,"column":66}},"250":{"start":{"line":539,"column":18},"end":{"line":539,"column":19}},"251":{"start":{"line":540,"column":10},"end":{"line":543,"column":11}},"252":{"start":{"line":541,"column":12},"end":{"line":541,"column":27}},"253":{"start":{"line":542,"column":12},"end":{"line":542,"column":16}},"254":{"start":{"line":545,"column":8},"end":{"line":549,"column":13}},"255":{"start":{"line":548,"column":12},"end":{"line":548,"column":25}},"256":{"start":{"line":550,"column":8},"end":{"line":550,"column":65}},"257":{"start":{"line":551,"column":8},"end":{"line":551,"column":31}},"258":{"start":{"line":552,"column":22},"end":{"line":552,"column":51}},"259":{"start":{"line":553,"column":8},"end":{"line":553,"column":43}},"260":{"start":{"line":554,"column":8},"end":{"line":554,"column":49}},"261":{"start":{"line":555,"column":24},"end":{"line":555,"column":53}},"262":{"start":{"line":556,"column":8},"end":{"line":556,"column":56}},"263":{"start":{"line":557,"column":8},"end":{"line":557,"column":72}},"264":{"start":{"line":558,"column":8},"end":{"line":558,"column":39}},"265":{"start":{"line":559,"column":8},"end":{"line":559,"column":53}},"266":{"start":{"line":577,"column":11},"end":{"line":644,"column":5}},"267":{"start":{"line":579,"column":6},"end":{"line":581,"column":7}},"268":{"start":{"line":580,"column":8},"end":{"line":580,"column":52}},"269":{"start":{"line":582,"column":6},"end":{"line":590,"column":7}},"270":{"start":{"line":584,"column":17},"end":{"line":584,"column":64}},"271":{"start":{"line":585,"column":16},"end":{"line":585,"column":17}},"272":{"start":{"line":586,"column":8},"end":{"line":589,"column":9}},"273":{"start":{"line":587,"column":10},"end":{"line":587,"column":25}},"274":{"start":{"line":588,"column":10},"end":{"line":588,"column":14}},"275":{"start":{"line":591,"column":6},"end":{"line":591,"column":41}},"276":{"start":{"line":592,"column":11},"end":{"line":644,"column":5}},"277":{"start":{"line":593,"column":6},"end":{"line":609,"column":7}},"278":{"start":{"line":595,"column":8},"end":{"line":597,"column":9}},"279":{"start":{"line":596,"column":10},"end":{"line":596,"column":54}},"280":{"start":{"line":598,"column":8},"end":{"line":598,"column":46}},"281":{"start":{"line":599,"column":8},"end":{"line":607,"column":9}},"282":{"start":{"line":601,"column":19},"end":{"line":601,"column":66}},"283":{"start":{"line":602,"column":18},"end":{"line":602,"column":19}},"284":{"start":{"line":603,"column":10},"end":{"line":606,"column":11}},"285":{"start":{"line":604,"column":12},"end":{"line":604,"column":27}},"286":{"start":{"line":605,"column":12},"end":{"line":605,"column":16}},"287":{"start":{"line":608,"column":8},"end":{"line":608,"column":43}},"288":{"start":{"line":610,"column":11},"end":{"line":644,"column":5}},"289":{"start":{"line":614,"column":6},"end":{"line":614,"column":20}},"290":{"start":{"line":615,"column":11},"end":{"line":644,"column":5}},"291":{"start":{"line":622,"column":6},"end":{"line":643,"column":7}},"292":{"start":{"line":624,"column":8},"end":{"line":626,"column":9}},"293":{"start":{"line":625,"column":10},"end":{"line":625,"column":54}},"294":{"start":{"line":628,"column":8},"end":{"line":628,"column":48}},"295":{"start":{"line":629,"column":8},"end":{"line":639,"column":9}},"296":{"start":{"line":630,"column":10},"end":{"line":630,"column":30}},"297":{"start":{"line":631,"column":10},"end":{"line":631,"column":34}},"298":{"start":{"line":633,"column":19},"end":{"line":633,"column":66}},"299":{"start":{"line":634,"column":18},"end":{"line":634,"column":19}},"300":{"start":{"line":635,"column":10},"end":{"line":638,"column":11}},"301":{"start":{"line":636,"column":12},"end":{"line":636,"column":27}},"302":{"start":{"line":637,"column":12},"end":{"line":637,"column":16}},"303":{"start":{"line":641,"column":8},"end":{"line":641,"column":43}},"304":{"start":{"line":642,"column":8},"end":{"line":642,"column":32}},"305":{"start":{"line":645,"column":9},"end":{"line":682,"column":3}},"306":{"start":{"line":647,"column":16},"end":{"line":647,"column":25}},"307":{"start":{"line":648,"column":4},"end":{"line":650,"column":5}},"308":{"start":{"line":649,"column":6},"end":{"line":649,"column":50}},"309":{"start":{"line":651,"column":4},"end":{"line":659,"column":5}},"310":{"start":{"line":653,"column":15},"end":{"line":653,"column":62}},"311":{"start":{"line":654,"column":14},"end":{"line":654,"column":15}},"312":{"start":{"line":655,"column":6},"end":{"line":658,"column":7}},"313":{"start":{"line":656,"column":8},"end":{"line":656,"column":23}},"314":{"start":{"line":657,"column":8},"end":{"line":657,"column":12}},"315":{"start":{"line":660,"column":4},"end":{"line":660,"column":31}},"316":{"start":{"line":661,"column":4},"end":{"line":661,"column":23}},"317":{"start":{"line":662,"column":4},"end":{"line":662,"column":19}},"318":{"start":{"line":663,"column":4},"end":{"line":663,"column":39}},"319":{"start":{"line":664,"column":9},"end":{"line":682,"column":3}},"320":{"start":{"line":665,"column":4},"end":{"line":665,"column":28}},"321":{"start":{"line":666,"column":4},"end":{"line":681,"column":5}},"322":{"start":{"line":668,"column":6},"end":{"line":668,"column":45}},"323":{"start":{"line":671,"column":6},"end":{"line":673,"column":8}},"324":{"start":{"line":674,"column":6},"end":{"line":674,"column":19}},"325":{"start":{"line":676,"column":11},"end":{"line":681,"column":5}},"326":{"start":{"line":677,"column":6},"end":{"line":677,"column":33}},"327":{"start":{"line":678,"column":6},"end":{"line":678,"column":24}},"328":{"start":{"line":683,"column":2},"end":{"line":683,"column":55}},"329":{"start":{"line":684,"column":2},"end":{"line":688,"column":3}},"330":{"start":{"line":685,"column":4},"end":{"line":685,"column":17}},"331":{"start":{"line":687,"column":4},"end":{"line":687,"column":18}},"332":{"start":{"line":693,"column":2},"end":{"line":693,"column":10}},"333":{"start":{"line":694,"column":2},"end":{"line":694,"column":14}},"334":{"start":{"line":695,"column":2},"end":{"line":695,"column":18}},"335":{"start":{"line":696,"column":16},"end":{"line":696,"column":45}},"336":{"start":{"line":697,"column":2},"end":{"line":697,"column":33}},"337":{"start":{"line":698,"column":2},"end":{"line":698,"column":39}},"338":{"start":{"line":699,"column":18},"end":{"line":699,"column":47}},"339":{"start":{"line":700,"column":2},"end":{"line":700,"column":50}},"340":{"start":{"line":701,"column":2},"end":{"line":701,"column":66}},"341":{"start":{"line":702,"column":2},"end":{"line":702,"column":33}},"342":{"start":{"line":756,"column":2},"end":{"line":758,"column":5}},"343":{"start":{"line":757,"column":4},"end":{"line":757,"column":17}},"344":{"start":{"line":759,"column":2},"end":{"line":759,"column":59}},"345":{"start":{"line":760,"column":2},"end":{"line":762,"column":3}},"346":{"start":{"line":761,"column":4},"end":{"line":761,"column":45}},"347":{"start":{"line":763,"column":2},"end":{"line":763,"column":25}},"348":{"start":{"line":764,"column":16},"end":{"line":764,"column":45}},"349":{"start":{"line":765,"column":2},"end":{"line":765,"column":37}},"350":{"start":{"line":766,"column":2},"end":{"line":766,"column":43}},"351":{"start":{"line":767,"column":18},"end":{"line":767,"column":47}},"352":{"start":{"line":768,"column":2},"end":{"line":768,"column":50}},"353":{"start":{"line":769,"column":2},"end":{"line":769,"column":66}},"354":{"start":{"line":770,"column":2},"end":{"line":770,"column":33}},"355":{"start":{"line":771,"column":2},"end":{"line":771,"column":47}},"356":{"start":{"line":772,"column":2},"end":{"line":772,"column":12}},"357":{"start":{"line":773,"column":2},"end":{"line":777,"column":3}},"358":{"start":{"line":774,"column":4},"end":{"line":774,"column":32}},"359":{"start":{"line":775,"column":9},"end":{"line":777,"column":3}},"360":{"start":{"line":776,"column":4},"end":{"line":776,"column":31}},"361":{"start":{"line":782,"column":2},"end":{"line":788,"column":3}},"362":{"start":{"line":783,"column":4},"end":{"line":783,"column":42}},"363":{"start":{"line":784,"column":4},"end":{"line":784,"column":33}},"364":{"start":{"line":785,"column":9},"end":{"line":788,"column":3}},"365":{"start":{"line":786,"column":4},"end":{"line":786,"column":41}},"366":{"start":{"line":787,"column":4},"end":{"line":787,"column":33}},"367":{"start":{"line":793,"column":2},"end":{"line":809,"column":3}},"368":{"start":{"line":794,"column":4},"end":{"line":796,"column":5}},"369":{"start":{"line":795,"column":6},"end":{"line":795,"column":51}},"370":{"start":{"line":797,"column":4},"end":{"line":797,"column":27}},"371":{"start":{"line":798,"column":4},"end":{"line":798,"column":23}},"372":{"start":{"line":799,"column":18},"end":{"line":799,"column":47}},"373":{"start":{"line":800,"column":4},"end":{"line":800,"column":43}},"374":{"start":{"line":801,"column":4},"end":{"line":801,"column":49}},"375":{"start":{"line":802,"column":20},"end":{"line":802,"column":49}},"376":{"start":{"line":803,"column":4},"end":{"line":803,"column":52}},"377":{"start":{"line":804,"column":4},"end":{"line":804,"column":68}},"378":{"start":{"line":805,"column":4},"end":{"line":805,"column":35}},"379":{"start":{"line":815,"column":2},"end":{"line":815,"column":46}},"380":{"start":{"line":816,"column":10},"end":{"line":816,"column":11}},"381":{"start":{"line":817,"column":2},"end":{"line":882,"column":3}},"382":{"start":{"line":818,"column":4},"end":{"line":818,"column":15}},"383":{"start":{"line":819,"column":4},"end":{"line":827,"column":5}},"384":{"start":{"line":821,"column":15},"end":{"line":821,"column":62}},"385":{"start":{"line":822,"column":14},"end":{"line":822,"column":15}},"386":{"start":{"line":823,"column":6},"end":{"line":826,"column":7}},"387":{"start":{"line":824,"column":8},"end":{"line":824,"column":23}},"388":{"start":{"line":825,"column":8},"end":{"line":825,"column":12}},"389":{"start":{"line":828,"column":4},"end":{"line":828,"column":27}},"390":{"start":{"line":829,"column":18},"end":{"line":829,"column":47}},"391":{"start":{"line":830,"column":4},"end":{"line":830,"column":39}},"392":{"start":{"line":831,"column":4},"end":{"line":831,"column":45}},"393":{"start":{"line":832,"column":20},"end":{"line":832,"column":49}},"394":{"start":{"line":833,"column":4},"end":{"line":833,"column":52}},"395":{"start":{"line":834,"column":4},"end":{"line":834,"column":68}},"396":{"start":{"line":835,"column":4},"end":{"line":835,"column":35}},"397":{"start":{"line":836,"column":4},"end":{"line":836,"column":49}},"398":{"start":{"line":837,"column":9},"end":{"line":882,"column":3}},"399":{"start":{"line":838,"column":4},"end":{"line":838,"column":15}},"400":{"start":{"line":839,"column":4},"end":{"line":847,"column":5}},"401":{"start":{"line":841,"column":15},"end":{"line":841,"column":62}},"402":{"start":{"line":842,"column":14},"end":{"line":842,"column":15}},"403":{"start":{"line":843,"column":6},"end":{"line":846,"column":7}},"404":{"start":{"line":844,"column":8},"end":{"line":844,"column":23}},"405":{"start":{"line":845,"column":8},"end":{"line":845,"column":12}},"406":{"start":{"line":848,"column":4},"end":{"line":848,"column":27}},"407":{"start":{"line":849,"column":18},"end":{"line":849,"column":47}},"408":{"start":{"line":850,"column":4},"end":{"line":850,"column":39}},"409":{"start":{"line":851,"column":4},"end":{"line":851,"column":45}},"410":{"start":{"line":852,"column":20},"end":{"line":852,"column":49}},"411":{"start":{"line":853,"column":4},"end":{"line":853,"column":52}},"412":{"start":{"line":854,"column":4},"end":{"line":854,"column":68}},"413":{"start":{"line":855,"column":4},"end":{"line":855,"column":35}},"414":{"start":{"line":856,"column":4},"end":{"line":856,"column":49}},"415":{"start":{"line":857,"column":9},"end":{"line":882,"column":3}},"416":{"start":{"line":858,"column":4},"end":{"line":858,"column":15}},"417":{"start":{"line":860,"column":4},"end":{"line":860,"column":15}},"418":{"start":{"line":884,"column":2},"end":{"line":901,"column":3}},"419":{"start":{"line":885,"column":4},"end":{"line":885,"column":58}},"420":{"start":{"line":886,"column":4},"end":{"line":889,"column":5}},"421":{"start":{"line":887,"column":6},"end":{"line":887,"column":14}},"422":{"start":{"line":888,"column":6},"end":{"line":888,"column":10}},"423":{"start":{"line":890,"column":4},"end":{"line":890,"column":22}},"424":{"start":{"line":891,"column":4},"end":{"line":891,"column":31}},"425":{"start":{"line":892,"column":9},"end":{"line":901,"column":3}},"426":{"start":{"line":893,"column":4},"end":{"line":893,"column":59}},"427":{"start":{"line":894,"column":4},"end":{"line":898,"column":5}},"428":{"start":{"line":895,"column":6},"end":{"line":895,"column":18}},"429":{"start":{"line":896,"column":6},"end":{"line":896,"column":17}},"430":{"start":{"line":897,"column":6},"end":{"line":897,"column":10}},"431":{"start":{"line":905,"column":2},"end":{"line":905,"column":29}},"432":{"start":{"line":906,"column":2},"end":{"line":906,"column":12}},"433":{"start":{"line":907,"column":2},"end":{"line":907,"column":51}},"434":{"start":{"line":909,"column":2},"end":{"line":909,"column":55}},"435":{"start":{"line":914,"column":2},"end":{"line":917,"column":3}},"436":{"start":{"line":915,"column":4},"end":{"line":915,"column":25}},"437":{"start":{"line":916,"column":4},"end":{"line":916,"column":37}},"438":{"start":{"line":922,"column":2},"end":{"line":933,"column":3}},"439":{"start":{"line":923,"column":4},"end":{"line":923,"column":40}},"440":{"start":{"line":925,"column":4},"end":{"line":925,"column":17}},"441":{"start":{"line":926,"column":4},"end":{"line":926,"column":19}},"442":{"start":{"line":927,"column":4},"end":{"line":927,"column":19}},"443":{"start":{"line":928,"column":9},"end":{"line":933,"column":3}},"444":{"start":{"line":929,"column":4},"end":{"line":929,"column":43}},"445":{"start":{"line":930,"column":4},"end":{"line":930,"column":18}},"446":{"start":{"line":931,"column":4},"end":{"line":931,"column":20}},"447":{"start":{"line":932,"column":4},"end":{"line":932,"column":22}},"448":{"start":{"line":934,"column":2},"end":{"line":934,"column":33}},"449":{"start":{"line":936,"column":2},"end":{"line":963,"column":3}},"450":{"start":{"line":938,"column":4},"end":{"line":938,"column":31}},"451":{"start":{"line":939,"column":4},"end":{"line":959,"column":5}},"452":{"start":{"line":947,"column":6},"end":{"line":956,"column":7}},"453":{"start":{"line":948,"column":8},"end":{"line":949,"column":57}},"454":{"start":{"line":950,"column":8},"end":{"line":955,"column":9}},"455":{"start":{"line":951,"column":10},"end":{"line":951,"column":80}},"456":{"start":{"line":953,"column":15},"end":{"line":955,"column":9}},"457":{"start":{"line":954,"column":10},"end":{"line":954,"column":76}},"458":{"start":{"line":958,"column":6},"end":{"line":958,"column":64}},"459":{"start":{"line":960,"column":9},"end":{"line":963,"column":3}},"460":{"start":{"line":961,"column":4},"end":{"line":961,"column":47}},"461":{"start":{"line":962,"column":4},"end":{"line":962,"column":34}},"462":{"start":{"line":992,"column":2},"end":{"line":992,"column":59}},"463":{"start":{"line":992,"column":34},"end":{"line":992,"column":57}},"464":{"start":{"line":996,"column":0},"end":{"line":996,"column":7}},"465":{"start":{"line":998,"column":0},"end":{"line":998,"column":33}}},"fnMap":{"0":{"name":"play","decl":{"start":{"line":77,"column":15},"end":{"line":77,"column":19}},"loc":{"start":{"line":77,"column":22},"end":{"line":97,"column":1}},"line":77},"1":{"name":"(anonymous_1)","decl":{"start":{"line":78,"column":62},"end":{"line":78,"column":63}},"loc":{"start":{"line":78,"column":74},"end":{"line":80,"column":3}},"line":78},"2":{"name":"whoStarts","decl":{"start":{"line":99,"column":15},"end":{"line":99,"column":24}},"loc":{"start":{"line":99,"column":27},"end":{"line":112,"column":1}},"line":99},"3":{"name":"handler","decl":{"start":{"line":115,"column":9},"end":{"line":115,"column":16}},"loc":{"start":{"line":115,"column":19},"end":{"line":138,"column":1}},"line":115},"4":{"name":"random","decl":{"start":{"line":141,"column":9},"end":{"line":141,"column":15}},"loc":{"start":{"line":141,"column":19},"end":{"line":143,"column":1}},"line":141},"5":{"name":"sound","decl":{"start":{"line":146,"column":9},"end":{"line":146,"column":14}},"loc":{"start":{"line":146,"column":28},"end":{"line":163,"column":1}},"line":146},"6":{"name":"startingCard","decl":{"start":{"line":166,"column":9},"end":{"line":166,"column":21}},"loc":{"start":{"line":166,"column":24},"end":{"line":204,"column":1}},"line":166},"7":{"name":"humanPlayer","decl":{"start":{"line":207,"column":15},"end":{"line":207,"column":26}},"loc":{"start":{"line":207,"column":29},"end":{"line":217,"column":1}},"line":207},"8":{"name":"human","decl":{"start":{"line":218,"column":9},"end":{"line":218,"column":14}},"loc":{"start":{"line":218,"column":17},"end":{"line":226,"column":1}},"line":218},"9":{"name":"switchBetweenPlayers","decl":{"start":{"line":229,"column":15},"end":{"line":229,"column":35}},"loc":{"start":{"line":229,"column":44},"end":{"line":244,"column":1}},"line":229},"10":{"name":"removeEventListeners","decl":{"start":{"line":247,"column":15},"end":{"line":247,"column":35}},"loc":{"start":{"line":247,"column":38},"end":{"line":260,"column":1}},"line":247},"11":{"name":"(anonymous_11)","decl":{"start":{"line":250,"column":38},"end":{"line":250,"column":39}},"loc":{"start":{"line":250,"column":50},"end":{"line":252,"column":5}},"line":250},"12":{"name":"addEventListeners","decl":{"start":{"line":262,"column":9},"end":{"line":262,"column":26}},"loc":{"start":{"line":262,"column":29},"end":{"line":283,"column":1}},"line":262},"13":{"name":"(anonymous_13)","decl":{"start":{"line":266,"column":35},"end":{"line":266,"column":36}},"loc":{"start":{"line":266,"column":47},"end":{"line":268,"column":5}},"line":266},"14":{"name":"(anonymous_14)","decl":{"start":{"line":279,"column":65},"end":{"line":279,"column":66}},"loc":{"start":{"line":279,"column":77},"end":{"line":281,"column":5}},"line":279},"15":{"name":"getPlayedCard","decl":{"start":{"line":287,"column":9},"end":{"line":287,"column":22}},"loc":{"start":{"line":287,"column":40},"end":{"line":334,"column":1}},"line":287},"16":{"name":"computerPlayer","decl":{"start":{"line":337,"column":15},"end":{"line":337,"column":29}},"loc":{"start":{"line":337,"column":32},"end":{"line":346,"column":1}},"line":337},"17":{"name":"computer","decl":{"start":{"line":348,"column":9},"end":{"line":348,"column":17}},"loc":{"start":{"line":348,"column":20},"end":{"line":362,"column":1}},"line":348},"18":{"name":"cardOnBoard","decl":{"start":{"line":364,"column":9},"end":{"line":364,"column":20}},"loc":{"start":{"line":364,"column":23},"end":{"line":369,"column":1}},"line":364},"19":{"name":"gameLogic","decl":{"start":{"line":374,"column":9},"end":{"line":374,"column":18}},"loc":{"start":{"line":374,"column":29},"end":{"line":437,"column":1}},"line":374},"20":{"name":"gameRules","decl":{"start":{"line":440,"column":9},"end":{"line":440,"column":18}},"loc":{"start":{"line":440,"column":42},"end":{"line":689,"column":1}},"line":440},"21":{"name":"(anonymous_21)","decl":{"start":{"line":547,"column":40},"end":{"line":547,"column":41}},"loc":{"start":{"line":547,"column":52},"end":{"line":549,"column":11}},"line":547},"22":{"name":"cardReplace","decl":{"start":{"line":692,"column":9},"end":{"line":692,"column":20}},"loc":{"start":{"line":692,"column":29},"end":{"line":703,"column":1}},"line":692},"23":{"name":"placeCard","decl":{"start":{"line":706,"column":9},"end":{"line":706,"column":18}},"loc":{"start":{"line":706,"column":21},"end":{"line":706,"column":23}},"line":706},"24":{"name":"changeGame","decl":{"start":{"line":709,"column":9},"end":{"line":709,"column":19}},"loc":{"start":{"line":709,"column":22},"end":{"line":721,"column":1}},"line":709},"25":{"name":"jump","decl":{"start":{"line":755,"column":9},"end":{"line":755,"column":13}},"loc":{"start":{"line":755,"column":22},"end":{"line":778,"column":1}},"line":755},"26":{"name":"(anonymous_26)","decl":{"start":{"line":756,"column":66},"end":{"line":756,"column":67}},"loc":{"start":{"line":756,"column":78},"end":{"line":758,"column":3}},"line":756},"27":{"name":"playMore","decl":{"start":{"line":781,"column":9},"end":{"line":781,"column":17}},"loc":{"start":{"line":781,"column":26},"end":{"line":789,"column":1}},"line":781},"28":{"name":"playMoreSame","decl":{"start":{"line":792,"column":9},"end":{"line":792,"column":21}},"loc":{"start":{"line":792,"column":45},"end":{"line":810,"column":1}},"line":792},"29":{"name":"collectCard","decl":{"start":{"line":814,"column":9},"end":{"line":814,"column":20}},"loc":{"start":{"line":814,"column":23},"end":{"line":902,"column":1}},"line":814},"30":{"name":"gameOver","decl":{"start":{"line":904,"column":9},"end":{"line":904,"column":17}},"loc":{"start":{"line":904,"column":20},"end":{"line":910,"column":1}},"line":904},"31":{"name":"timer","decl":{"start":{"line":913,"column":9},"end":{"line":913,"column":14}},"loc":{"start":{"line":913,"column":71},"end":{"line":918,"column":1}},"line":913},"32":{"name":"nkoKadi","decl":{"start":{"line":920,"column":9},"end":{"line":920,"column":16}},"loc":{"start":{"line":920,"column":25},"end":{"line":989,"column":1}},"line":920},"33":{"name":"sleep","decl":{"start":{"line":991,"column":9},"end":{"line":991,"column":14}},"loc":{"start":{"line":991,"column":19},"end":{"line":993,"column":1}},"line":991},"34":{"name":"(anonymous_34)","decl":{"start":{"line":992,"column":21},"end":{"line":992,"column":22}},"loc":{"start":{"line":992,"column":34},"end":{"line":992,"column":57}},"line":992}},"branchMap":{"0":{"loc":{"start":{"line":101,"column":2},"end":{"line":111,"column":3}},"type":"if","locations":[{"start":{"line":101,"column":2},"end":{"line":111,"column":3}},{"start":{"line":101,"column":2},"end":{"line":111,"column":3}}],"line":101},"1":{"loc":{"start":{"line":106,"column":9},"end":{"line":111,"column":3}},"type":"if","locations":[{"start":{"line":106,"column":9},"end":{"line":111,"column":3}},{"start":{"line":106,"column":9},"end":{"line":111,"column":3}}],"line":106},"2":{"loc":{"start":{"line":120,"column":2},"end":{"line":136,"column":3}},"type":"if","locations":[{"start":{"line":120,"column":2},"end":{"line":136,"column":3}},{"start":{"line":120,"column":2},"end":{"line":136,"column":3}}],"line":120},"3":{"loc":{"start":{"line":153,"column":2},"end":{"line":162,"column":3}},"type":"if","locations":[{"start":{"line":153,"column":2},"end":{"line":162,"column":3}},{"start":{"line":153,"column":2},"end":{"line":162,"column":3}}],"line":153},"4":{"loc":{"start":{"line":157,"column":9},"end":{"line":162,"column":3}},"type":"if","locations":[{"start":{"line":157,"column":9},"end":{"line":162,"column":3}},{"start":{"line":157,"column":9},"end":{"line":162,"column":3}}],"line":157},"5":{"loc":{"start":{"line":171,"column":4},"end":{"line":177,"column":22}},"type":"binary-expr","locations":[{"start":{"line":171,"column":4},"end":{"line":171,"column":22}},{"start":{"line":172,"column":4},"end":{"line":172,"column":22}},{"start":{"line":173,"column":4},"end":{"line":173,"column":22}},{"start":{"line":174,"column":4},"end":{"line":174,"column":22}},{"start":{"line":175,"column":4},"end":{"line":175,"column":22}},{"start":{"line":176,"column":4},"end":{"line":176,"column":22}},{"start":{"line":177,"column":4},"end":{"line":177,"column":22}}],"line":171},"6":{"loc":{"start":{"line":182,"column":2},"end":{"line":201,"column":3}},"type":"if","locations":[{"start":{"line":182,"column":2},"end":{"line":201,"column":3}},{"start":{"line":182,"column":2},"end":{"line":201,"column":3}}],"line":182},"7":{"loc":{"start":{"line":183,"column":4},"end":{"line":189,"column":21}},"type":"binary-expr","locations":[{"start":{"line":183,"column":4},"end":{"line":183,"column":21}},{"start":{"line":184,"column":4},"end":{"line":184,"column":21}},{"start":{"line":185,"column":4},"end":{"line":185,"column":21}},{"start":{"line":186,"column":4},"end":{"line":186,"column":21}},{"start":{"line":187,"column":4},"end":{"line":187,"column":21}},{"start":{"line":188,"column":4},"end":{"line":188,"column":21}},{"start":{"line":189,"column":4},"end":{"line":189,"column":21}}],"line":183},"8":{"loc":{"start":{"line":230,"column":2},"end":{"line":243,"column":3}},"type":"if","locations":[{"start":{"line":230,"column":2},"end":{"line":243,"column":3}},{"start":{"line":230,"column":2},"end":{"line":243,"column":3}}],"line":230},"9":{"loc":{"start":{"line":237,"column":9},"end":{"line":243,"column":3}},"type":"if","locations":[{"start":{"line":237,"column":9},"end":{"line":243,"column":3}},{"start":{"line":237,"column":9},"end":{"line":243,"column":3}}],"line":237},"10":{"loc":{"start":{"line":277,"column":2},"end":{"line":282,"column":3}},"type":"if","locations":[{"start":{"line":277,"column":2},"end":{"line":282,"column":3}},{"start":{"line":277,"column":2},"end":{"line":282,"column":3}}],"line":277},"11":{"loc":{"start":{"line":290,"column":2},"end":{"line":327,"column":3}},"type":"if","locations":[{"start":{"line":290,"column":2},"end":{"line":327,"column":3}},{"start":{"line":290,"column":2},"end":{"line":327,"column":3}}],"line":290},"12":{"loc":{"start":{"line":290,"column":6},"end":{"line":290,"column":48}},"type":"binary-expr","locations":[{"start":{"line":290,"column":6},"end":{"line":290,"column":29}},{"start":{"line":290,"column":33},"end":{"line":290,"column":48}}],"line":290},"13":{"loc":{"start":{"line":292,"column":4},"end":{"line":324,"column":5}},"type":"if","locations":[{"start":{"line":292,"column":4},"end":{"line":324,"column":5}},{"start":{"line":292,"column":4},"end":{"line":324,"column":5}}],"line":292},"14":{"loc":{"start":{"line":297,"column":6},"end":{"line":305,"column":7}},"type":"if","locations":[{"start":{"line":297,"column":6},"end":{"line":305,"column":7}},{"start":{"line":297,"column":6},"end":{"line":305,"column":7}}],"line":297},"15":{"loc":{"start":{"line":298,"column":8},"end":{"line":299,"column":70}},"type":"binary-expr","locations":[{"start":{"line":298,"column":8},"end":{"line":298,"column":40}},{"start":{"line":299,"column":9},"end":{"line":299,"column":41}},{"start":{"line":299,"column":45},"end":{"line":299,"column":69}}],"line":298},"16":{"loc":{"start":{"line":307,"column":6},"end":{"line":311,"column":7}},"type":"if","locations":[{"start":{"line":307,"column":6},"end":{"line":311,"column":7}},{"start":{"line":307,"column":6},"end":{"line":311,"column":7}}],"line":307},"17":{"loc":{"start":{"line":307,"column":10},"end":{"line":307,"column":66}},"type":"binary-expr","locations":[{"start":{"line":307,"column":10},"end":{"line":307,"column":36}},{"start":{"line":307,"column":40},"end":{"line":307,"column":66}}],"line":307},"18":{"loc":{"start":{"line":317,"column":9},"end":{"line":324,"column":5}},"type":"if","locations":[{"start":{"line":317,"column":9},"end":{"line":324,"column":5}},{"start":{"line":317,"column":9},"end":{"line":324,"column":5}}],"line":317},"19":{"loc":{"start":{"line":317,"column":13},"end":{"line":317,"column":71}},"type":"binary-expr","locations":[{"start":{"line":317,"column":13},"end":{"line":317,"column":44}},{"start":{"line":317,"column":48},"end":{"line":317,"column":71}}],"line":317},"20":{"loc":{"start":{"line":320,"column":11},"end":{"line":324,"column":5}},"type":"if","locations":[{"start":{"line":320,"column":11},"end":{"line":324,"column":5}},{"start":{"line":320,"column":11},"end":{"line":324,"column":5}}],"line":320},"21":{"loc":{"start":{"line":377,"column":2},"end":{"line":436,"column":3}},"type":"if","locations":[{"start":{"line":377,"column":2},"end":{"line":436,"column":3}},{"start":{"line":377,"column":2},"end":{"line":436,"column":3}}],"line":377},"22":{"loc":{"start":{"line":382,"column":6},"end":{"line":386,"column":7}},"type":"if","locations":[{"start":{"line":382,"column":6},"end":{"line":386,"column":7}},{"start":{"line":382,"column":6},"end":{"line":386,"column":7}}],"line":382},"23":{"loc":{"start":{"line":389,"column":6},"end":{"line":429,"column":7}},"type":"if","locations":[{"start":{"line":389,"column":6},"end":{"line":429,"column":7}},{"start":{"line":389,"column":6},"end":{"line":429,"column":7}}],"line":389},"24":{"loc":{"start":{"line":392,"column":8},"end":{"line":416,"column":9}},"type":"if","locations":[{"start":{"line":392,"column":8},"end":{"line":416,"column":9}},{"start":{"line":392,"column":8},"end":{"line":416,"column":9}}],"line":392},"25":{"loc":{"start":{"line":393,"column":10},"end":{"line":394,"column":69}},"type":"binary-expr","locations":[{"start":{"line":393,"column":10},"end":{"line":393,"column":40}},{"start":{"line":394,"column":11},"end":{"line":394,"column":41}},{"start":{"line":394,"column":45},"end":{"line":394,"column":68}}],"line":393},"26":{"loc":{"start":{"line":400,"column":10},"end":{"line":407,"column":11}},"type":"if","locations":[{"start":{"line":400,"column":10},"end":{"line":407,"column":11}},{"start":{"line":400,"column":10},"end":{"line":407,"column":11}}],"line":400},"27":{"loc":{"start":{"line":401,"column":12},"end":{"line":402,"column":72}},"type":"binary-expr","locations":[{"start":{"line":401,"column":12},"end":{"line":401,"column":43}},{"start":{"line":402,"column":13},"end":{"line":402,"column":44}},{"start":{"line":402,"column":48},"end":{"line":402,"column":71}}],"line":401},"28":{"loc":{"start":{"line":408,"column":10},"end":{"line":415,"column":11}},"type":"if","locations":[{"start":{"line":408,"column":10},"end":{"line":415,"column":11}},{"start":{"line":408,"column":10},"end":{"line":415,"column":11}}],"line":408},"29":{"loc":{"start":{"line":408,"column":14},"end":{"line":408,"column":44}},"type":"binary-expr","locations":[{"start":{"line":408,"column":14},"end":{"line":408,"column":27}},{"start":{"line":408,"column":31},"end":{"line":408,"column":44}}],"line":408},"30":{"loc":{"start":{"line":417,"column":13},"end":{"line":429,"column":7}},"type":"if","locations":[{"start":{"line":417,"column":13},"end":{"line":429,"column":7}},{"start":{"line":417,"column":13},"end":{"line":429,"column":7}}],"line":417},"31":{"loc":{"start":{"line":417,"column":17},"end":{"line":417,"column":60}},"type":"binary-expr","locations":[{"start":{"line":417,"column":17},"end":{"line":417,"column":40}},{"start":{"line":417,"column":44},"end":{"line":417,"column":60}}],"line":417},"32":{"loc":{"start":{"line":426,"column":11},"end":{"line":429,"column":7}},"type":"if","locations":[{"start":{"line":426,"column":11},"end":{"line":429,"column":7}},{"start":{"line":426,"column":11},"end":{"line":429,"column":7}}],"line":426},"33":{"loc":{"start":{"line":426,"column":15},"end":{"line":426,"column":59}},"type":"binary-expr","locations":[{"start":{"line":426,"column":15},"end":{"line":426,"column":38}},{"start":{"line":426,"column":42},"end":{"line":426,"column":59}}],"line":426},"34":{"loc":{"start":{"line":445,"column":2},"end":{"line":682,"column":3}},"type":"if","locations":[{"start":{"line":445,"column":2},"end":{"line":682,"column":3}},{"start":{"line":445,"column":2},"end":{"line":682,"column":3}}],"line":445},"35":{"loc":{"start":{"line":445,"column":6},"end":{"line":445,"column":70}},"type":"binary-expr","locations":[{"start":{"line":445,"column":6},"end":{"line":445,"column":36}},{"start":{"line":445,"column":40},"end":{"line":445,"column":70}}],"line":445},"36":{"loc":{"start":{"line":449,"column":4},"end":{"line":644,"column":5}},"type":"if","locations":[{"start":{"line":449,"column":4},"end":{"line":644,"column":5}},{"start":{"line":449,"column":4},"end":{"line":644,"column":5}}],"line":449},"37":{"loc":{"start":{"line":450,"column":6},"end":{"line":484,"column":7}},"type":"if","locations":[{"start":{"line":450,"column":6},"end":{"line":484,"column":7}},{"start":{"line":450,"column":6},"end":{"line":484,"column":7}}],"line":450},"38":{"loc":{"start":{"line":450,"column":10},"end":{"line":450,"column":64}},"type":"binary-expr","locations":[{"start":{"line":450,"column":10},"end":{"line":450,"column":40}},{"start":{"line":450,"column":44},"end":{"line":450,"column":64}}],"line":450},"39":{"loc":{"start":{"line":452,"column":8},"end":{"line":454,"column":9}},"type":"if","locations":[{"start":{"line":452,"column":8},"end":{"line":454,"column":9}},{"start":{"line":452,"column":8},"end":{"line":454,"column":9}}],"line":452},"40":{"loc":{"start":{"line":455,"column":8},"end":{"line":463,"column":9}},"type":"if","locations":[{"start":{"line":455,"column":8},"end":{"line":463,"column":9}},{"start":{"line":455,"column":8},"end":{"line":463,"column":9}}],"line":455},"41":{"loc":{"start":{"line":465,"column":13},"end":{"line":484,"column":7}},"type":"if","locations":[{"start":{"line":465,"column":13},"end":{"line":484,"column":7}},{"start":{"line":465,"column":13},"end":{"line":484,"column":7}}],"line":465},"42":{"loc":{"start":{"line":465,"column":17},"end":{"line":465,"column":71}},"type":"binary-expr","locations":[{"start":{"line":465,"column":17},"end":{"line":465,"column":37}},{"start":{"line":465,"column":41},"end":{"line":465,"column":71}}],"line":465},"43":{"loc":{"start":{"line":467,"column":8},"end":{"line":469,"column":9}},"type":"if","locations":[{"start":{"line":467,"column":8},"end":{"line":469,"column":9}},{"start":{"line":467,"column":8},"end":{"line":469,"column":9}}],"line":467},"44":{"loc":{"start":{"line":470,"column":8},"end":{"line":478,"column":9}},"type":"if","locations":[{"start":{"line":470,"column":8},"end":{"line":478,"column":9}},{"start":{"line":470,"column":8},"end":{"line":478,"column":9}}],"line":470},"45":{"loc":{"start":{"line":480,"column":13},"end":{"line":484,"column":7}},"type":"if","locations":[{"start":{"line":480,"column":13},"end":{"line":484,"column":7}},{"start":{"line":480,"column":13},"end":{"line":484,"column":7}}],"line":480},"46":{"loc":{"start":{"line":480,"column":17},"end":{"line":480,"column":69}},"type":"binary-expr","locations":[{"start":{"line":480,"column":17},"end":{"line":480,"column":46}},{"start":{"line":480,"column":50},"end":{"line":480,"column":69}}],"line":480},"47":{"loc":{"start":{"line":485,"column":11},"end":{"line":644,"column":5}},"type":"if","locations":[{"start":{"line":485,"column":11},"end":{"line":644,"column":5}},{"start":{"line":485,"column":11},"end":{"line":644,"column":5}}],"line":485},"48":{"loc":{"start":{"line":486,"column":6},"end":{"line":520,"column":7}},"type":"if","locations":[{"start":{"line":486,"column":6},"end":{"line":520,"column":7}},{"start":{"line":486,"column":6},"end":{"line":520,"column":7}}],"line":486},"49":{"loc":{"start":{"line":486,"column":10},"end":{"line":486,"column":64}},"type":"binary-expr","locations":[{"start":{"line":486,"column":10},"end":{"line":486,"column":40}},{"start":{"line":486,"column":44},"end":{"line":486,"column":64}}],"line":486},"50":{"loc":{"start":{"line":488,"column":8},"end":{"line":490,"column":9}},"type":"if","locations":[{"start":{"line":488,"column":8},"end":{"line":490,"column":9}},{"start":{"line":488,"column":8},"end":{"line":490,"column":9}}],"line":488},"51":{"loc":{"start":{"line":491,"column":8},"end":{"line":499,"column":9}},"type":"if","locations":[{"start":{"line":491,"column":8},"end":{"line":499,"column":9}},{"start":{"line":491,"column":8},"end":{"line":499,"column":9}}],"line":491},"52":{"loc":{"start":{"line":501,"column":13},"end":{"line":520,"column":7}},"type":"if","locations":[{"start":{"line":501,"column":13},"end":{"line":520,"column":7}},{"start":{"line":501,"column":13},"end":{"line":520,"column":7}}],"line":501},"53":{"loc":{"start":{"line":501,"column":17},"end":{"line":501,"column":71}},"type":"binary-expr","locations":[{"start":{"line":501,"column":17},"end":{"line":501,"column":37}},{"start":{"line":501,"column":41},"end":{"line":501,"column":71}}],"line":501},"54":{"loc":{"start":{"line":503,"column":8},"end":{"line":505,"column":9}},"type":"if","locations":[{"start":{"line":503,"column":8},"end":{"line":505,"column":9}},{"start":{"line":503,"column":8},"end":{"line":505,"column":9}}],"line":503},"55":{"loc":{"start":{"line":506,"column":8},"end":{"line":514,"column":9}},"type":"if","locations":[{"start":{"line":506,"column":8},"end":{"line":514,"column":9}},{"start":{"line":506,"column":8},"end":{"line":514,"column":9}}],"line":506},"56":{"loc":{"start":{"line":516,"column":13},"end":{"line":520,"column":7}},"type":"if","locations":[{"start":{"line":516,"column":13},"end":{"line":520,"column":7}},{"start":{"line":516,"column":13},"end":{"line":520,"column":7}}],"line":516},"57":{"loc":{"start":{"line":516,"column":17},"end":{"line":516,"column":69}},"type":"binary-expr","locations":[{"start":{"line":516,"column":17},"end":{"line":516,"column":46}},{"start":{"line":516,"column":50},"end":{"line":516,"column":69}}],"line":516},"58":{"loc":{"start":{"line":521,"column":11},"end":{"line":644,"column":5}},"type":"if","locations":[{"start":{"line":521,"column":11},"end":{"line":644,"column":5}},{"start":{"line":521,"column":11},"end":{"line":644,"column":5}}],"line":521},"59":{"loc":{"start":{"line":528,"column":6},"end":{"line":561,"column":7}},"type":"if","locations":[{"start":{"line":528,"column":6},"end":{"line":561,"column":7}},{"start":{"line":528,"column":6},"end":{"line":561,"column":7}}],"line":528},"60":{"loc":{"start":{"line":529,"column":8},"end":{"line":530,"column":55}},"type":"binary-expr","locations":[{"start":{"line":529,"column":9},"end":{"line":529,"column":30}},{"start":{"line":529,"column":34},"end":{"line":529,"column":54}},{"start":{"line":530,"column":9},"end":{"line":530,"column":30}},{"start":{"line":530,"column":34},"end":{"line":530,"column":54}}],"line":529},"61":{"loc":{"start":{"line":533,"column":8},"end":{"line":535,"column":9}},"type":"if","locations":[{"start":{"line":533,"column":8},"end":{"line":535,"column":9}},{"start":{"line":533,"column":8},"end":{"line":535,"column":9}}],"line":533},"62":{"loc":{"start":{"line":536,"column":8},"end":{"line":544,"column":9}},"type":"if","locations":[{"start":{"line":536,"column":8},"end":{"line":544,"column":9}},{"start":{"line":536,"column":8},"end":{"line":544,"column":9}}],"line":536},"63":{"loc":{"start":{"line":577,"column":11},"end":{"line":644,"column":5}},"type":"if","locations":[{"start":{"line":577,"column":11},"end":{"line":644,"column":5}},{"start":{"line":577,"column":11},"end":{"line":644,"column":5}}],"line":577},"64":{"loc":{"start":{"line":577,"column":15},"end":{"line":577,"column":59}},"type":"binary-expr","locations":[{"start":{"line":577,"column":15},"end":{"line":577,"column":35}},{"start":{"line":577,"column":39},"end":{"line":577,"column":59}}],"line":577},"65":{"loc":{"start":{"line":579,"column":6},"end":{"line":581,"column":7}},"type":"if","locations":[{"start":{"line":579,"column":6},"end":{"line":581,"column":7}},{"start":{"line":579,"column":6},"end":{"line":581,"column":7}}],"line":579},"66":{"loc":{"start":{"line":582,"column":6},"end":{"line":590,"column":7}},"type":"if","locations":[{"start":{"line":582,"column":6},"end":{"line":590,"column":7}},{"start":{"line":582,"column":6},"end":{"line":590,"column":7}}],"line":582},"67":{"loc":{"start":{"line":582,"column":10},"end":{"line":582,"column":48}},"type":"binary-expr","locations":[{"start":{"line":582,"column":10},"end":{"line":582,"column":26}},{"start":{"line":582,"column":30},"end":{"line":582,"column":48}}],"line":582},"68":{"loc":{"start":{"line":592,"column":11},"end":{"line":644,"column":5}},"type":"if","locations":[{"start":{"line":592,"column":11},"end":{"line":644,"column":5}},{"start":{"line":592,"column":11},"end":{"line":644,"column":5}}],"line":592},"69":{"loc":{"start":{"line":592,"column":15},"end":{"line":592,"column":61}},"type":"binary-expr","locations":[{"start":{"line":592,"column":15},"end":{"line":592,"column":36}},{"start":{"line":592,"column":40},"end":{"line":592,"column":61}}],"line":592},"70":{"loc":{"start":{"line":593,"column":6},"end":{"line":609,"column":7}},"type":"if","locations":[{"start":{"line":593,"column":6},"end":{"line":609,"column":7}},{"start":{"line":593,"column":6},"end":{"line":609,"column":7}}],"line":593},"71":{"loc":{"start":{"line":595,"column":8},"end":{"line":597,"column":9}},"type":"if","locations":[{"start":{"line":595,"column":8},"end":{"line":597,"column":9}},{"start":{"line":595,"column":8},"end":{"line":597,"column":9}}],"line":595},"72":{"loc":{"start":{"line":599,"column":8},"end":{"line":607,"column":9}},"type":"if","locations":[{"start":{"line":599,"column":8},"end":{"line":607,"column":9}},{"start":{"line":599,"column":8},"end":{"line":607,"column":9}}],"line":599},"73":{"loc":{"start":{"line":610,"column":11},"end":{"line":644,"column":5}},"type":"if","locations":[{"start":{"line":610,"column":11},"end":{"line":644,"column":5}},{"start":{"line":610,"column":11},"end":{"line":644,"column":5}}],"line":610},"74":{"loc":{"start":{"line":611,"column":6},"end":{"line":612,"column":62}},"type":"binary-expr","locations":[{"start":{"line":611,"column":7},"end":{"line":611,"column":28}},{"start":{"line":611,"column":32},"end":{"line":611,"column":61}},{"start":{"line":612,"column":7},"end":{"line":612,"column":28}},{"start":{"line":612,"column":32},"end":{"line":612,"column":61}}],"line":611},"75":{"loc":{"start":{"line":615,"column":11},"end":{"line":644,"column":5}},"type":"if","locations":[{"start":{"line":615,"column":11},"end":{"line":644,"column":5}},{"start":{"line":615,"column":11},"end":{"line":644,"column":5}}],"line":615},"76":{"loc":{"start":{"line":616,"column":6},"end":{"line":620,"column":26}},"type":"binary-expr","locations":[{"start":{"line":616,"column":6},"end":{"line":616,"column":26}},{"start":{"line":617,"column":6},"end":{"line":617,"column":26}},{"start":{"line":618,"column":6},"end":{"line":618,"column":26}},{"start":{"line":619,"column":6},"end":{"line":619,"column":26}},{"start":{"line":620,"column":6},"end":{"line":620,"column":26}}],"line":616},"77":{"loc":{"start":{"line":622,"column":6},"end":{"line":643,"column":7}},"type":"if","locations":[{"start":{"line":622,"column":6},"end":{"line":643,"column":7}},{"start":{"line":622,"column":6},"end":{"line":643,"column":7}}],"line":622},"78":{"loc":{"start":{"line":622,"column":10},"end":{"line":622,"column":74}},"type":"binary-expr","locations":[{"start":{"line":622,"column":10},"end":{"line":622,"column":40}},{"start":{"line":622,"column":44},"end":{"line":622,"column":74}}],"line":622},"79":{"loc":{"start":{"line":624,"column":8},"end":{"line":626,"column":9}},"type":"if","locations":[{"start":{"line":624,"column":8},"end":{"line":626,"column":9}},{"start":{"line":624,"column":8},"end":{"line":626,"column":9}}],"line":624},"80":{"loc":{"start":{"line":629,"column":8},"end":{"line":639,"column":9}},"type":"if","locations":[{"start":{"line":629,"column":8},"end":{"line":639,"column":9}},{"start":{"line":629,"column":8},"end":{"line":639,"column":9}}],"line":629},"81":{"loc":{"start":{"line":645,"column":9},"end":{"line":682,"column":3}},"type":"if","locations":[{"start":{"line":645,"column":9},"end":{"line":682,"column":3}},{"start":{"line":645,"column":9},"end":{"line":682,"column":3}}],"line":645},"82":{"loc":{"start":{"line":648,"column":4},"end":{"line":650,"column":5}},"type":"if","locations":[{"start":{"line":648,"column":4},"end":{"line":650,"column":5}},{"start":{"line":648,"column":4},"end":{"line":650,"column":5}}],"line":648},"83":{"loc":{"start":{"line":651,"column":4},"end":{"line":659,"column":5}},"type":"if","locations":[{"start":{"line":651,"column":4},"end":{"line":659,"column":5}},{"start":{"line":651,"column":4},"end":{"line":659,"column":5}}],"line":651},"84":{"loc":{"start":{"line":664,"column":9},"end":{"line":682,"column":3}},"type":"if","locations":[{"start":{"line":664,"column":9},"end":{"line":682,"column":3}},{"start":{"line":664,"column":9},"end":{"line":682,"column":3}}],"line":664},"85":{"loc":{"start":{"line":664,"column":13},"end":{"line":664,"column":75}},"type":"binary-expr","locations":[{"start":{"line":664,"column":13},"end":{"line":664,"column":42}},{"start":{"line":664,"column":46},"end":{"line":664,"column":75}}],"line":664},"86":{"loc":{"start":{"line":666,"column":4},"end":{"line":681,"column":5}},"type":"if","locations":[{"start":{"line":666,"column":4},"end":{"line":681,"column":5}},{"start":{"line":666,"column":4},"end":{"line":681,"column":5}}],"line":666},"87":{"loc":{"start":{"line":676,"column":11},"end":{"line":681,"column":5}},"type":"if","locations":[{"start":{"line":676,"column":11},"end":{"line":681,"column":5}},{"start":{"line":676,"column":11},"end":{"line":681,"column":5}}],"line":676},"88":{"loc":{"start":{"line":684,"column":2},"end":{"line":688,"column":3}},"type":"if","locations":[{"start":{"line":684,"column":2},"end":{"line":688,"column":3}},{"start":{"line":684,"column":2},"end":{"line":688,"column":3}}],"line":684},"89":{"loc":{"start":{"line":760,"column":2},"end":{"line":762,"column":3}},"type":"if","locations":[{"start":{"line":760,"column":2},"end":{"line":762,"column":3}},{"start":{"line":760,"column":2},"end":{"line":762,"column":3}}],"line":760},"90":{"loc":{"start":{"line":773,"column":2},"end":{"line":777,"column":3}},"type":"if","locations":[{"start":{"line":773,"column":2},"end":{"line":777,"column":3}},{"start":{"line":773,"column":2},"end":{"line":777,"column":3}}],"line":773},"91":{"loc":{"start":{"line":775,"column":9},"end":{"line":777,"column":3}},"type":"if","locations":[{"start":{"line":775,"column":9},"end":{"line":777,"column":3}},{"start":{"line":775,"column":9},"end":{"line":777,"column":3}}],"line":775},"92":{"loc":{"start":{"line":782,"column":2},"end":{"line":788,"column":3}},"type":"if","locations":[{"start":{"line":782,"column":2},"end":{"line":788,"column":3}},{"start":{"line":782,"column":2},"end":{"line":788,"column":3}}],"line":782},"93":{"loc":{"start":{"line":785,"column":9},"end":{"line":788,"column":3}},"type":"if","locations":[{"start":{"line":785,"column":9},"end":{"line":788,"column":3}},{"start":{"line":785,"column":9},"end":{"line":788,"column":3}}],"line":785},"94":{"loc":{"start":{"line":793,"column":2},"end":{"line":809,"column":3}},"type":"if","locations":[{"start":{"line":793,"column":2},"end":{"line":809,"column":3}},{"start":{"line":793,"column":2},"end":{"line":809,"column":3}}],"line":793},"95":{"loc":{"start":{"line":794,"column":4},"end":{"line":796,"column":5}},"type":"if","locations":[{"start":{"line":794,"column":4},"end":{"line":796,"column":5}},{"start":{"line":794,"column":4},"end":{"line":796,"column":5}}],"line":794},"96":{"loc":{"start":{"line":817,"column":2},"end":{"line":882,"column":3}},"type":"if","locations":[{"start":{"line":817,"column":2},"end":{"line":882,"column":3}},{"start":{"line":817,"column":2},"end":{"line":882,"column":3}}],"line":817},"97":{"loc":{"start":{"line":819,"column":4},"end":{"line":827,"column":5}},"type":"if","locations":[{"start":{"line":819,"column":4},"end":{"line":827,"column":5}},{"start":{"line":819,"column":4},"end":{"line":827,"column":5}}],"line":819},"98":{"loc":{"start":{"line":837,"column":9},"end":{"line":882,"column":3}},"type":"if","locations":[{"start":{"line":837,"column":9},"end":{"line":882,"column":3}},{"start":{"line":837,"column":9},"end":{"line":882,"column":3}}],"line":837},"99":{"loc":{"start":{"line":839,"column":4},"end":{"line":847,"column":5}},"type":"if","locations":[{"start":{"line":839,"column":4},"end":{"line":847,"column":5}},{"start":{"line":839,"column":4},"end":{"line":847,"column":5}}],"line":839},"100":{"loc":{"start":{"line":857,"column":9},"end":{"line":882,"column":3}},"type":"if","locations":[{"start":{"line":857,"column":9},"end":{"line":882,"column":3}},{"start":{"line":857,"column":9},"end":{"line":882,"column":3}}],"line":857},"101":{"loc":{"start":{"line":884,"column":2},"end":{"line":901,"column":3}},"type":"if","locations":[{"start":{"line":884,"column":2},"end":{"line":901,"column":3}},{"start":{"line":884,"column":2},"end":{"line":901,"column":3}}],"line":884},"102":{"loc":{"start":{"line":892,"column":9},"end":{"line":901,"column":3}},"type":"if","locations":[{"start":{"line":892,"column":9},"end":{"line":901,"column":3}},{"start":{"line":892,"column":9},"end":{"line":901,"column":3}}],"line":892},"103":{"loc":{"start":{"line":914,"column":2},"end":{"line":917,"column":3}},"type":"if","locations":[{"start":{"line":914,"column":2},"end":{"line":917,"column":3}},{"start":{"line":914,"column":2},"end":{"line":917,"column":3}}],"line":914},"104":{"loc":{"start":{"line":922,"column":2},"end":{"line":933,"column":3}},"type":"if","locations":[{"start":{"line":922,"column":2},"end":{"line":933,"column":3}},{"start":{"line":922,"column":2},"end":{"line":933,"column":3}}],"line":922},"105":{"loc":{"start":{"line":928,"column":9},"end":{"line":933,"column":3}},"type":"if","locations":[{"start":{"line":928,"column":9},"end":{"line":933,"column":3}},{"start":{"line":928,"column":9},"end":{"line":933,"column":3}}],"line":928},"106":{"loc":{"start":{"line":936,"column":2},"end":{"line":963,"column":3}},"type":"if","locations":[{"start":{"line":936,"column":2},"end":{"line":963,"column":3}},{"start":{"line":936,"column":2},"end":{"line":963,"column":3}}],"line":936},"107":{"loc":{"start":{"line":939,"column":4},"end":{"line":959,"column":5}},"type":"if","locations":[{"start":{"line":939,"column":4},"end":{"line":959,"column":5}},{"start":{"line":939,"column":4},"end":{"line":959,"column":5}}],"line":939},"108":{"loc":{"start":{"line":940,"column":6},"end":{"line":945,"column":30}},"type":"binary-expr","locations":[{"start":{"line":940,"column":6},"end":{"line":940,"column":30}},{"start":{"line":941,"column":6},"end":{"line":941,"column":30}},{"start":{"line":942,"column":6},"end":{"line":942,"column":30}},{"start":{"line":943,"column":6},"end":{"line":943,"column":30}},{"start":{"line":944,"column":6},"end":{"line":944,"column":30}},{"start":{"line":945,"column":6},"end":{"line":945,"column":30}}],"line":940},"109":{"loc":{"start":{"line":947,"column":6},"end":{"line":956,"column":7}},"type":"if","locations":[{"start":{"line":947,"column":6},"end":{"line":956,"column":7}},{"start":{"line":947,"column":6},"end":{"line":956,"column":7}}],"line":947},"110":{"loc":{"start":{"line":947,"column":10},"end":{"line":947,"column":74}},"type":"binary-expr","locations":[{"start":{"line":947,"column":10},"end":{"line":947,"column":40}},{"start":{"line":947,"column":44},"end":{"line":947,"column":74}}],"line":947},"111":{"loc":{"start":{"line":950,"column":8},"end":{"line":955,"column":9}},"type":"if","locations":[{"start":{"line":950,"column":8},"end":{"line":955,"column":9}},{"start":{"line":950,"column":8},"end":{"line":955,"column":9}}],"line":950},"112":{"loc":{"start":{"line":953,"column":15},"end":{"line":955,"column":9}},"type":"if","locations":[{"start":{"line":953,"column":15},"end":{"line":955,"column":9}},{"start":{"line":953,"column":15},"end":{"line":955,"column":9}}],"line":953},"113":{"loc":{"start":{"line":960,"column":9},"end":{"line":963,"column":3}},"type":"if","locations":[{"start":{"line":960,"column":9},"end":{"line":963,"column":3}},{"start":{"line":960,"column":9},"end":{"line":963,"column":3}}],"line":960}},"s":{"0":1,"1":1,"2":1,"3":1,"4":1,"5":1,"6":1,"7":1,"8":1,"9":1,"10":1,"11":1,"12":1,"13":1,"14":0,"15":0,"16":0,"17":0,"18":0,"19":0,"20":0,"21":0,"22":0,"23":0,"24":0,"25":0,"26":0,"27":0,"28":0,"29":0,"30":0,"31":0,"32":0,"33":0,"34":0,"35":0,"36":0,"37":0,"38":0,"39":0,"40":0,"41":0,"42":0,"43":0,"44":0,"45":0,"46":0,"47":0,"48":0,"49":0,"50":0,"51":0,"52":0,"53":0,"54":0,"55":0,"56":0,"57":0,"58":0,"59":0,"60":0,"61":0,"62":0,"63":0,"64":0,"65":0,"66":0,"67":0,"68":0,"69":0,"70":0,"71":0,"72":0,"73":0,"74":0,"75":0,"76":0,"77":0,"78":0,"79":0,"80":0,"81":0,"82":0,"83":0,"84":0,"85":0,"86":0,"87":0,"88":0,"89":0,"90":0,"91":0,"92":0,"93":0,"94":0,"95":0,"96":0,"97":0,"98":0,"99":0,"100":0,"101":0,"102":0,"103":0,"104":1,"105":0,"106":0,"107":0,"108":0,"109":0,"110":0,"111":0,"112":0,"113":0,"114":0,"115":0,"116":0,"117":0,"118":0,"119":0,"120":0,"121":0,"122":0,"123":0,"124":0,"125":0,"126":0,"127":0,"128":0,"129":0,"130":0,"131":0,"132":0,"133":0,"134":0,"135":0,"136":0,"137":0,"138":0,"139":0,"140":0,"141":0,"142":0,"143":0,"144":0,"145":0,"146":0,"147":0,"148":0,"149":0,"150":0,"151":0,"152":0,"153":0,"154":0,"155":0,"156":0,"157":0,"158":0,"159":0,"160":0,"161":0,"162":0,"163":0,"164":0,"165":0,"166":0,"167":0,"168":0,"169":0,"170":0,"171":0,"172":0,"173":0,"174":0,"175":0,"176":0,"177":0,"178":0,"179":0,"180":0,"181":0,"182":0,"183":0,"184":0,"185":0,"186":0,"187":0,"188":0,"189":0,"190":0,"191":0,"192":0,"193":0,"194":0,"195":0,"196":0,"197":0,"198":0,"199":0,"200":0,"201":0,"202":0,"203":0,"204":0,"205":0,"206":0,"207":0,"208":0,"209":0,"210":0,"211":0,"212":0,"213":0,"214":0,"215":0,"216":0,"217":0,"218":0,"219":0,"220":0,"221":0,"222":0,"223":0,"224":0,"225":0,"226":0,"227":0,"228":0,"229":0,"230":0,"231":0,"232":0,"233":0,"234":0,"235":0,"236":0,"237":0,"238":0,"239":0,"240":0,"241":0,"242":0,"243":0,"244":0,"245":0,"246":0,"247":0,"248":0,"249":0,"250":0,"251":0,"252":0,"253":0,"254":0,"255":0,"256":0,"257":0,"258":0,"259":0,"260":0,"261":0,"262":0,"263":0,"264":0,"265":0,"266":0,"267":0,"268":0,"269":0,"270":0,"271":0,"272":0,"273":0,"274":0,"275":0,"276":0,"277":0,"278":0,"279":0,"280":0,"281":0,"282":0,"283":0,"284":0,"285":0,"286":0,"287":0,"288":0,"289":0,"290":0,"291":0,"292":0,"293":0,"294":0,"295":0,"296":0,"297":0,"298":0,"299":0,"300":0,"301":0,"302":0,"303":0,"304":0,"305":0,"306":0,"307":0,"308":0,"309":0,"310":0,"311":0,"312":0,"313":0,"314":0,"315":0,"316":0,"317":0,"318":0,"319":0,"320":0,"321":0,"322":0,"323":0,"324":0,"325":0,"326":0,"327":0,"328":0,"329":0,"330":0,"331":0,"332":1,"333":1,"334":1,"335":1,"336":1,"337":1,"338":1,"339":1,"340":1,"341":0,"342":0,"343":0,"344":0,"345":0,"346":0,"347":0,"348":0,"349":0,"350":0,"351":0,"352":0,"353":0,"354":0,"355":0,"356":0,"357":0,"358":0,"359":0,"360":0,"361":0,"362":0,"363":0,"364":0,"365":0,"366":0,"367":0,"368":0,"369":0,"370":0,"371":0,"372":0,"373":0,"374":0,"375":0,"376":0,"377":0,"378":0,"379":0,"380":0,"381":0,"382":0,"383":0,"384":0,"385":0,"386":0,"387":0,"388":0,"389":0,"390":0,"391":0,"392":0,"393":0,"394":0,"395":0,"396":0,"397":0,"398":0,"399":0,"400":0,"401":0,"402":0,"403":0,"404":0,"405":0,"406":0,"407":0,"408":0,"409":0,"410":0,"411":0,"412":0,"413":0,"414":0,"415":0,"416":0,"417":0,"418":0,"419":0,"420":0,"421":0,"422":0,"423":0,"424":0,"425":0,"426":0,"427":0,"428":0,"429":0,"430":0,"431":0,"432":0,"433":0,"434":0,"435":0,"436":0,"437":0,"438":0,"439":0,"440":0,"441":0,"442":0,"443":0,"444":0,"445":0,"446":0,"447":0,"448":0,"449":0,"450":0,"451":0,"452":0,"453":0,"454":0,"455":0,"456":0,"457":0,"458":0,"459":0,"460":0,"461":0,"462":0,"463":0,"464":1,"465":1},"f":{"0":1,"1":0,"2":0,"3":0,"4":0,"5":0,"6":0,"7":0,"8":0,"9":0,"10":0,"11":0,"12":0,"13":0,"14":0,"15":0,"16":0,"17":0,"18":0,"19":0,"20":0,"21":0,"22":1,"23":0,"24":0,"25":0,"26":0,"27":0,"28":0,"29":0,"30":0,"31":0,"32":0,"33":0,"34":0},"b":{"0":[0,0],"1":[0,0],"2":[0,0],"3":[0,0],"4":[0,0],"5":[0,0,0,0,0,0,0],"6":[0,0],"7":[0,0,0,0,0,0,0],"8":[0,0],"9":[0,0],"10":[0,0],"11":[0,0],"12":[0,0],"13":[0,0],"14":[0,0],"15":[0,0,0],"16":[0,0],"17":[0,0],"18":[0,0],"19":[0,0],"20":[0,0],"21":[0,0],"22":[0,0],"23":[0,0],"24":[0,0],"25":[0,0,0],"26":[0,0],"27":[0,0,0],"28":[0,0],"29":[0,0],"30":[0,0],"31":[0,0],"32":[0,0],"33":[0,0],"34":[0,0],"35":[0,0],"36":[0,0],"37":[0,0],"38":[0,0],"39":[0,0],"40":[0,0],"41":[0,0],"42":[0,0],"43":[0,0],"44":[0,0],"45":[0,0],"46":[0,0],"47":[0,0],"48":[0,0],"49":[0,0],"50":[0,0],"51":[0,0],"52":[0,0],"53":[0,0],"54":[0,0],"55":[0,0],"56":[0,0],"57":[0,0],"58":[0,0],"59":[0,0],"60":[0,0,0,0],"61":[0,0],"62":[0,0],"63":[0,0],"64":[0,0],"65":[0,0],"66":[0,0],"67":[0,0],"68":[0,0],"69":[0,0],"70":[0,0],"71":[0,0],"72":[0,0],"73":[0,0],"74":[0,0,0,0],"75":[0,0],"76":[0,0,0,0,0],"77":[0,0],"78":[0,0],"79":[0,0],"80":[0,0],"81":[0,0],"82":[0,0],"83":[0,0],"84":[0,0],"85":[0,0],"86":[0,0],"87":[0,0],"88":[0,0],"89":[0,0],"90":[0,0],"91":[0,0],"92":[0,0],"93":[0,0],"94":[0,0],"95":[0,0],"96":[0,0],"97":[0,0],"98":[0,0],"99":[0,0],"100":[0,0],"101":[0,0],"102":[0,0],"103":[0,0],"104":[0,0],"105":[0,0],"106":[0,0],"107":[0,0],"108":[0,0,0,0,0,0],"109":[0,0],"110":[0,0],"111":[0,0],"112":[0,0],"113":[0,0]},"_coverageSchema":"1a1c01bbd47fc00a2c39e90264f33305004495a9","hash":"45471b329ab878edb898c6496a560a0f773f56da"}
}
