TN:
SF:assets\js\functions.js
FN:2,(anonymous_0)
FN:3,(anonymous_1)
FN:6,multiplication
FNF:3
FNH:3
FNDA:1,(anonymous_0)
FNDA:1,(anonymous_1)
FNDA:1,multiplication
DA:1,1
DA:2,1
DA:3,1
DA:7,1
DA:9,1
LF:5
LH:5
BRF:0
BRH:0
end_of_record
TN:
SF:assets\js\script.js
FN:77,play
FN:78,(anonymous_1)
FN:99,whoStarts
FN:115,handler
FN:141,random
FN:146,sound
FN:166,startingCard
FN:207,humanPlayer
FN:218,human
FN:229,switchBetweenPlayers
FN:247,removeEventListeners
FN:250,(anonymous_11)
FN:262,addEventListeners
FN:266,(anonymous_13)
FN:279,(anonymous_14)
FN:287,getPlayedCard
FN:337,computerPlayer
FN:348,computer
FN:364,cardOnBoard
FN:374,gameLogic
FN:440,gameRules
FN:547,(anonymous_21)
FN:692,cardReplace
FN:706,placeCard
FN:709,changeGame
FN:755,jump
FN:756,(anonymous_26)
FN:781,playMore
FN:792,playMoreSame
FN:814,collectCard
FN:904,gameOver
FN:913,timer
FN:920,nkoKadi
FN:991,sleep
FN:992,(anonymous_34)
FNF:35
FNH:2
FNDA:1,play
FNDA:0,(anonymous_1)
FNDA:0,whoStarts
FNDA:0,handler
FNDA:0,random
FNDA:0,sound
FNDA:0,startingCard
FNDA:0,humanPlayer
FNDA:0,human
FNDA:0,switchBetweenPlayers
FNDA:0,removeEventListeners
FNDA:0,(anonymous_11)
FNDA:0,addEventListeners
FNDA:0,(anonymous_13)
FNDA:0,(anonymous_14)
FNDA:0,getPlayedCard
FNDA:0,computerPlayer
FNDA:0,computer
FNDA:0,cardOnBoard
FNDA:0,gameLogic
FNDA:0,gameRules
FNDA:0,(anonymous_21)
FNDA:1,cardReplace
FNDA:0,placeCard
FNDA:0,changeGame
FNDA:0,jump
FNDA:0,(anonymous_26)
FNDA:0,playMore
FNDA:0,playMoreSame
FNDA:0,collectCard
FNDA:0,gameOver
FNDA:0,timer
FNDA:0,nkoKadi
FNDA:0,sleep
FNDA:0,(anonymous_34)
DA:3,1
DA:57,1
DA:60,1
DA:63,1
DA:64,1
DA:65,1
DA:66,1
DA:67,1
DA:68,1
DA:69,1
DA:70,1
DA:71,1
DA:73,1
DA:78,1
DA:79,0
DA:81,0
DA:82,0
DA:84,0
DA:85,0
DA:86,0
DA:87,0
DA:88,0
DA:91,0
DA:100,0
DA:101,0
DA:102,0
DA:103,0
DA:104,0
DA:105,0
DA:106,0
DA:107,0
DA:108,0
DA:109,0
DA:110,0
DA:116,0
DA:117,0
DA:118,0
DA:120,0
DA:124,0
DA:125,0
DA:126,0
DA:127,0
DA:128,0
DA:130,0
DA:131,0
DA:132,0
DA:133,0
DA:137,0
DA:142,0
DA:147,0
DA:148,0
DA:149,0
DA:150,0
DA:151,0
DA:152,0
DA:153,0
DA:154,0
DA:155,0
DA:156,0
DA:157,0
DA:159,0
DA:160,0
DA:161,0
DA:167,0
DA:169,0
DA:170,0
DA:179,0
DA:182,0
DA:192,0
DA:193,0
DA:194,0
DA:195,0
DA:196,0
DA:197,0
DA:198,0
DA:199,0
DA:203,0
DA:208,0
DA:209,0
DA:210,0
DA:211,0
DA:212,0
DA:214,0
DA:215,0
DA:216,0
DA:219,0
DA:220,0
DA:221,0
DA:222,0
DA:223,0
DA:224,0
DA:225,0
DA:230,0
DA:231,0
DA:232,0
DA:233,0
DA:234,0
DA:235,0
DA:236,0
DA:237,0
DA:238,0
DA:239,0
DA:240,0
DA:241,0
DA:246,1
DA:248,0
DA:250,0
DA:251,0
DA:253,0
DA:256,0
DA:263,0
DA:264,0
DA:266,0
DA:267,0
DA:269,0
DA:273,0
DA:277,0
DA:278,0
DA:279,0
DA:280,0
DA:288,0
DA:290,0
DA:291,0
DA:292,0
DA:293,0
DA:294,0
DA:295,0
DA:296,0
DA:297,0
DA:301,0
DA:304,0
DA:307,0
DA:308,0
DA:310,0
DA:317,0
DA:319,0
DA:320,0
DA:321,0
DA:322,0
DA:323,0
DA:333,0
DA:338,0
DA:339,0
DA:340,0
DA:341,0
DA:342,0
DA:344,0
DA:345,0
DA:349,0
DA:350,0
DA:351,0
DA:352,0
DA:353,0
DA:354,0
DA:355,0
DA:357,0
DA:358,0
DA:361,0
DA:365,0
DA:366,0
DA:368,0
DA:376,0
DA:377,0
DA:378,0
DA:379,0
DA:381,0
DA:382,0
DA:383,0
DA:384,0
DA:387,0
DA:389,0
DA:390,0
DA:391,0
DA:392,0
DA:396,0
DA:397,0
DA:398,0
DA:399,0
DA:400,0
DA:404,0
DA:406,0
DA:408,0
DA:409,0
DA:410,0
DA:412,0
DA:413,0
DA:414,0
DA:417,0
DA:418,0
DA:419,0
DA:420,0
DA:426,0
DA:427,0
DA:428,0
DA:431,0
DA:432,0
DA:441,0
DA:442,0
DA:443,0
DA:445,0
DA:449,0
DA:450,0
DA:452,0
DA:453,0
DA:455,0
DA:457,0
DA:458,0
DA:459,0
DA:460,0
DA:461,0
DA:464,0
DA:465,0
DA:467,0
DA:468,0
DA:470,0
DA:472,0
DA:473,0
DA:474,0
DA:475,0
DA:476,0
DA:479,0
DA:480,0
DA:485,0
DA:486,0
DA:488,0
DA:489,0
DA:491,0
DA:493,0
DA:494,0
DA:495,0
DA:496,0
DA:497,0
DA:500,0
DA:501,0
DA:503,0
DA:504,0
DA:506,0
DA:508,0
DA:509,0
DA:510,0
DA:511,0
DA:512,0
DA:515,0
DA:516,0
DA:521,0
DA:528,0
DA:533,0
DA:534,0
DA:536,0
DA:538,0
DA:539,0
DA:540,0
DA:541,0
DA:542,0
DA:545,0
DA:548,0
DA:550,0
DA:551,0
DA:552,0
DA:553,0
DA:554,0
DA:555,0
DA:556,0
DA:557,0
DA:558,0
DA:559,0
DA:577,0
DA:579,0
DA:580,0
DA:582,0
DA:584,0
DA:585,0
DA:586,0
DA:587,0
DA:588,0
DA:591,0
DA:592,0
DA:593,0
DA:595,0
DA:596,0
DA:598,0
DA:599,0
DA:601,0
DA:602,0
DA:603,0
DA:604,0
DA:605,0
DA:608,0
DA:610,0
DA:614,0
DA:615,0
DA:622,0
DA:624,0
DA:625,0
DA:628,0
DA:629,0
DA:630,0
DA:631,0
DA:633,0
DA:634,0
DA:635,0
DA:636,0
DA:637,0
DA:641,0
DA:642,0
DA:645,0
DA:647,0
DA:648,0
DA:649,0
DA:651,0
DA:653,0
DA:654,0
DA:655,0
DA:656,0
DA:657,0
DA:660,0
DA:661,0
DA:662,0
DA:663,0
DA:664,0
DA:665,0
DA:666,0
DA:668,0
DA:671,0
DA:674,0
DA:676,0
DA:677,0
DA:678,0
DA:683,0
DA:684,0
DA:685,0
DA:687,0
DA:693,1
DA:694,1
DA:695,1
DA:696,1
DA:697,1
DA:698,1
DA:699,1
DA:700,1
DA:701,1
DA:702,0
DA:756,0
DA:757,0
DA:759,0
DA:760,0
DA:761,0
DA:763,0
DA:764,0
DA:765,0
DA:766,0
DA:767,0
DA:768,0
DA:769,0
DA:770,0
DA:771,0
DA:772,0
DA:773,0
DA:774,0
DA:775,0
DA:776,0
DA:782,0
DA:783,0
DA:784,0
DA:785,0
DA:786,0
DA:787,0
DA:793,0
DA:794,0
DA:795,0
DA:797,0
DA:798,0
DA:799,0
DA:800,0
DA:801,0
DA:802,0
DA:803,0
DA:804,0
DA:805,0
DA:815,0
DA:816,0
DA:817,0
DA:818,0
DA:819,0
DA:821,0
DA:822,0
DA:823,0
DA:824,0
DA:825,0
DA:828,0
DA:829,0
DA:830,0
DA:831,0
DA:832,0
DA:833,0
DA:834,0
DA:835,0
DA:836,0
DA:837,0
DA:838,0
DA:839,0
DA:841,0
DA:842,0
DA:843,0
DA:844,0
DA:845,0
DA:848,0
DA:849,0
DA:850,0
DA:851,0
DA:852,0
DA:853,0
DA:854,0
DA:855,0
DA:856,0
DA:857,0
DA:858,0
DA:860,0
DA:884,0
DA:885,0
DA:886,0
DA:887,0
DA:888,0
DA:890,0
DA:891,0
DA:892,0
DA:893,0
DA:894,0
DA:895,0
DA:896,0
DA:897,0
DA:905,0
DA:906,0
DA:907,0
DA:909,0
DA:914,0
DA:915,0
DA:916,0
DA:922,0
DA:923,0
DA:925,0
DA:926,0
DA:927,0
DA:928,0
DA:929,0
DA:930,0
DA:931,0
DA:932,0
DA:934,0
DA:936,0
DA:938,0
DA:939,0
DA:947,0
DA:948,0
DA:950,0
DA:951,0
DA:953,0
DA:954,0
DA:958,0
DA:960,0
DA:961,0
DA:962,0
DA:992,0
DA:996,1
DA:998,1
LF:465
LH:26
BRDA:101,0,0,0
BRDA:101,0,1,0
BRDA:106,1,0,0
BRDA:106,1,1,0
BRDA:120,2,0,0
BRDA:120,2,1,0
BRDA:153,3,0,0
BRDA:153,3,1,0
BRDA:157,4,0,0
BRDA:157,4,1,0
BRDA:171,5,0,0
BRDA:171,5,1,0
BRDA:171,5,2,0
BRDA:171,5,3,0
BRDA:171,5,4,0
BRDA:171,5,5,0
BRDA:171,5,6,0
BRDA:182,6,0,0
BRDA:182,6,1,0
BRDA:183,7,0,0
BRDA:183,7,1,0
BRDA:183,7,2,0
BRDA:183,7,3,0
BRDA:183,7,4,0
BRDA:183,7,5,0
BRDA:183,7,6,0
BRDA:230,8,0,0
BRDA:230,8,1,0
BRDA:237,9,0,0
BRDA:237,9,1,0
BRDA:277,10,0,0
BRDA:277,10,1,0
BRDA:290,11,0,0
BRDA:290,11,1,0
BRDA:290,12,0,0
BRDA:290,12,1,0
BRDA:292,13,0,0
BRDA:292,13,1,0
BRDA:297,14,0,0
BRDA:297,14,1,0
BRDA:298,15,0,0
BRDA:298,15,1,0
BRDA:298,15,2,0
BRDA:307,16,0,0
BRDA:307,16,1,0
BRDA:307,17,0,0
BRDA:307,17,1,0
BRDA:317,18,0,0
BRDA:317,18,1,0
BRDA:317,19,0,0
BRDA:317,19,1,0
BRDA:320,20,0,0
BRDA:320,20,1,0
BRDA:377,21,0,0
BRDA:377,21,1,0
BRDA:382,22,0,0
BRDA:382,22,1,0
BRDA:389,23,0,0
BRDA:389,23,1,0
BRDA:392,24,0,0
BRDA:392,24,1,0
BRDA:393,25,0,0
BRDA:393,25,1,0
BRDA:393,25,2,0
BRDA:400,26,0,0
BRDA:400,26,1,0
BRDA:401,27,0,0
BRDA:401,27,1,0
BRDA:401,27,2,0
BRDA:408,28,0,0
BRDA:408,28,1,0
BRDA:408,29,0,0
BRDA:408,29,1,0
BRDA:417,30,0,0
BRDA:417,30,1,0
BRDA:417,31,0,0
BRDA:417,31,1,0
BRDA:426,32,0,0
BRDA:426,32,1,0
BRDA:426,33,0,0
BRDA:426,33,1,0
BRDA:445,34,0,0
BRDA:445,34,1,0
BRDA:445,35,0,0
BRDA:445,35,1,0
BRDA:449,36,0,0
BRDA:449,36,1,0
BRDA:450,37,0,0
BRDA:450,37,1,0
BRDA:450,38,0,0
BRDA:450,38,1,0
BRDA:452,39,0,0
BRDA:452,39,1,0
BRDA:455,40,0,0
BRDA:455,40,1,0
BRDA:465,41,0,0
BRDA:465,41,1,0
BRDA:465,42,0,0
BRDA:465,42,1,0
BRDA:467,43,0,0
BRDA:467,43,1,0
BRDA:470,44,0,0
BRDA:470,44,1,0
BRDA:480,45,0,0
BRDA:480,45,1,0
BRDA:480,46,0,0
BRDA:480,46,1,0
BRDA:485,47,0,0
BRDA:485,47,1,0
BRDA:486,48,0,0
BRDA:486,48,1,0
BRDA:486,49,0,0
BRDA:486,49,1,0
BRDA:488,50,0,0
BRDA:488,50,1,0
BRDA:491,51,0,0
BRDA:491,51,1,0
BRDA:501,52,0,0
BRDA:501,52,1,0
BRDA:501,53,0,0
BRDA:501,53,1,0
BRDA:503,54,0,0
BRDA:503,54,1,0
BRDA:506,55,0,0
BRDA:506,55,1,0
BRDA:516,56,0,0
BRDA:516,56,1,0
BRDA:516,57,0,0
BRDA:516,57,1,0
BRDA:521,58,0,0
BRDA:521,58,1,0
BRDA:528,59,0,0
BRDA:528,59,1,0
BRDA:529,60,0,0
BRDA:529,60,1,0
BRDA:529,60,2,0
BRDA:529,60,3,0
BRDA:533,61,0,0
BRDA:533,61,1,0
BRDA:536,62,0,0
BRDA:536,62,1,0
BRDA:577,63,0,0
BRDA:577,63,1,0
BRDA:577,64,0,0
BRDA:577,64,1,0
BRDA:579,65,0,0
BRDA:579,65,1,0
BRDA:582,66,0,0
BRDA:582,66,1,0
BRDA:582,67,0,0
BRDA:582,67,1,0
BRDA:592,68,0,0
BRDA:592,68,1,0
BRDA:592,69,0,0
BRDA:592,69,1,0
BRDA:593,70,0,0
BRDA:593,70,1,0
BRDA:595,71,0,0
BRDA:595,71,1,0
BRDA:599,72,0,0
BRDA:599,72,1,0
BRDA:610,73,0,0
BRDA:610,73,1,0
BRDA:611,74,0,0
BRDA:611,74,1,0
BRDA:611,74,2,0
BRDA:611,74,3,0
BRDA:615,75,0,0
BRDA:615,75,1,0
BRDA:616,76,0,0
BRDA:616,76,1,0
BRDA:616,76,2,0
BRDA:616,76,3,0
BRDA:616,76,4,0
BRDA:622,77,0,0
BRDA:622,77,1,0
BRDA:622,78,0,0
BRDA:622,78,1,0
BRDA:624,79,0,0
BRDA:624,79,1,0
BRDA:629,80,0,0
BRDA:629,80,1,0
BRDA:645,81,0,0
BRDA:645,81,1,0
BRDA:648,82,0,0
BRDA:648,82,1,0
BRDA:651,83,0,0
BRDA:651,83,1,0
BRDA:664,84,0,0
BRDA:664,84,1,0
BRDA:664,85,0,0
BRDA:664,85,1,0
BRDA:666,86,0,0
BRDA:666,86,1,0
BRDA:676,87,0,0
BRDA:676,87,1,0
BRDA:684,88,0,0
BRDA:684,88,1,0
BRDA:760,89,0,0
BRDA:760,89,1,0
BRDA:773,90,0,0
BRDA:773,90,1,0
BRDA:775,91,0,0
BRDA:775,91,1,0
BRDA:782,92,0,0
BRDA:782,92,1,0
BRDA:785,93,0,0
BRDA:785,93,1,0
BRDA:793,94,0,0
BRDA:793,94,1,0
BRDA:794,95,0,0
BRDA:794,95,1,0
BRDA:817,96,0,0
BRDA:817,96,1,0
BRDA:819,97,0,0
BRDA:819,97,1,0
BRDA:837,98,0,0
BRDA:837,98,1,0
BRDA:839,99,0,0
BRDA:839,99,1,0
BRDA:857,100,0,0
BRDA:857,100,1,0
BRDA:884,101,0,0
BRDA:884,101,1,0
BRDA:892,102,0,0
BRDA:892,102,1,0
BRDA:914,103,0,0
BRDA:914,103,1,0
BRDA:922,104,0,0
BRDA:922,104,1,0
BRDA:928,105,0,0
BRDA:928,105,1,0
BRDA:936,106,0,0
BRDA:936,106,1,0
BRDA:939,107,0,0
BRDA:939,107,1,0
BRDA:940,108,0,0
BRDA:940,108,1,0
BRDA:940,108,2,0
BRDA:940,108,3,0
BRDA:940,108,4,0
BRDA:940,108,5,0
BRDA:947,109,0,0
BRDA:947,109,1,0
BRDA:947,110,0,0
BRDA:947,110,1,0
BRDA:950,111,0,0
BRDA:950,111,1,0
BRDA:953,112,0,0
BRDA:953,112,1,0
BRDA:960,113,0,0
BRDA:960,113,1,0
BRF:252
BRH:0
end_of_record
