TN:
SF:assets\js\script.js
FN:77,play
FN:78,(anonymous_1)
FN:99,whoStarts
FN:115,handler
FN:141,random
FN:146,sound
FN:166,startingCard
FN:207,humanPlayer
FN:218,human
FN:229,switchBetweenPlayers
FN:247,removeEventListeners
FN:250,(anonymous_11)
FN:262,addEventListeners
FN:266,(anonymous_13)
FN:279,(anonymous_14)
FN:287,getPlayedCard
FN:343,computerPlayer
FN:354,computer
FN:370,cardOnBoard
FN:380,gameLogic
FN:445,getCardsInPlay
FN:451,RemoveCardsInPlay
FN:468,gameRules
FN:498,(anonymous_23)
FN:574,cardReplace
FN:585,placeCard
FN:588,changeGame
FN:634,jump
FN:635,(anonymous_28)
FN:660,playMore
FN:671,playMoreSame
FN:693,collectCard
FN:783,gameOver
FN:792,timer
FN:799,nkoKadi
FN:872,sleep
FN:873,(anonymous_36)
FNF:37
FNH:2
FNDA:1,play
FNDA:0,(anonymous_1)
FNDA:0,whoStarts
FNDA:0,handler
FNDA:0,random
FNDA:0,sound
FNDA:0,startingCard
FNDA:0,humanPlayer
FNDA:0,human
FNDA:0,switchBetweenPlayers
FNDA:0,removeEventListeners
FNDA:0,(anonymous_11)
FNDA:0,addEventListeners
FNDA:0,(anonymous_13)
FNDA:0,(anonymous_14)
FNDA:0,getPlayedCard
FNDA:0,computerPlayer
FNDA:0,computer
FNDA:0,cardOnBoard
FNDA:0,gameLogic
FNDA:0,getCardsInPlay
FNDA:0,RemoveCardsInPlay
FNDA:6,gameRules
FNDA:0,(anonymous_23)
FNDA:0,cardReplace
FNDA:0,placeCard
FNDA:0,changeGame
FNDA:0,jump
FNDA:0,(anonymous_28)
FNDA:0,playMore
FNDA:0,playMoreSame
FNDA:0,collectCard
FNDA:0,gameOver
FNDA:0,timer
FNDA:0,nkoKadi
FNDA:0,sleep
FNDA:0,(anonymous_36)
DA:3,1
DA:57,1
DA:60,1
DA:63,1
DA:64,1
DA:65,1
DA:66,1
DA:67,1
DA:68,1
DA:69,1
DA:70,1
DA:71,1
DA:73,1
DA:78,1
DA:79,0
DA:81,0
DA:82,0
DA:84,0
DA:85,0
DA:86,0
DA:87,0
DA:88,0
DA:91,0
DA:100,0
DA:101,0
DA:102,0
DA:103,0
DA:104,0
DA:105,0
DA:106,0
DA:107,0
DA:108,0
DA:109,0
DA:110,0
DA:116,0
DA:117,0
DA:118,0
DA:120,0
DA:124,0
DA:125,0
DA:126,0
DA:127,0
DA:128,0
DA:130,0
DA:131,0
DA:132,0
DA:133,0
DA:137,0
DA:142,0
DA:147,0
DA:148,0
DA:149,0
DA:150,0
DA:151,0
DA:152,0
DA:153,0
DA:154,0
DA:155,0
DA:156,0
DA:157,0
DA:159,0
DA:160,0
DA:161,0
DA:167,0
DA:169,0
DA:170,0
DA:179,0
DA:182,0
DA:192,0
DA:193,0
DA:194,0
DA:195,0
DA:196,0
DA:197,0
DA:198,0
DA:199,0
DA:203,0
DA:208,0
DA:209,0
DA:210,0
DA:211,0
DA:212,0
DA:214,0
DA:215,0
DA:216,0
DA:219,0
DA:220,0
DA:221,0
DA:222,0
DA:223,0
DA:224,0
DA:225,0
DA:230,0
DA:231,0
DA:232,0
DA:233,0
DA:234,0
DA:235,0
DA:236,0
DA:237,0
DA:238,0
DA:239,0
DA:240,0
DA:241,0
DA:246,1
DA:248,0
DA:250,0
DA:251,0
DA:253,0
DA:256,0
DA:263,0
DA:264,0
DA:266,0
DA:267,0
DA:269,0
DA:273,0
DA:277,0
DA:278,0
DA:279,0
DA:280,0
DA:288,0
DA:290,0
DA:291,0
DA:292,0
DA:293,0
DA:294,0
DA:295,0
DA:297,0
DA:298,0
DA:299,0
DA:300,0
DA:304,0
DA:308,0
DA:309,0
DA:310,0
DA:313,0
DA:314,0
DA:316,0
DA:323,0
DA:325,0
DA:326,0
DA:327,0
DA:328,0
DA:329,0
DA:339,0
DA:344,0
DA:345,0
DA:346,0
DA:347,0
DA:348,0
DA:350,0
DA:351,0
DA:355,0
DA:356,0
DA:357,0
DA:358,0
DA:359,0
DA:360,0
DA:361,0
DA:363,0
DA:364,0
DA:367,0
DA:371,0
DA:372,0
DA:374,0
DA:382,0
DA:383,0
DA:384,0
DA:385,0
DA:387,0
DA:388,0
DA:389,0
DA:390,0
DA:391,0
DA:392,0
DA:396,0
DA:398,0
DA:399,0
DA:400,0
DA:405,0
DA:406,0
DA:407,0
DA:408,0
DA:409,0
DA:410,0
DA:411,0
DA:412,0
DA:413,0
DA:415,0
DA:416,0
DA:417,0
DA:419,0
DA:420,0
DA:421,0
DA:423,0
DA:424,0
DA:425,0
DA:428,0
DA:429,0
DA:430,0
DA:431,0
DA:432,0
DA:433,0
DA:434,0
DA:437,0
DA:438,0
DA:446,0
DA:447,0
DA:448,0
DA:453,0
DA:454,0
DA:456,0
DA:458,0
DA:459,0
DA:460,0
DA:461,0
DA:462,0
DA:469,6
DA:470,6
DA:471,3
DA:472,0
DA:473,0
DA:474,0
DA:475,0
DA:476,0
DA:477,0
DA:479,0
DA:481,3
DA:482,1
DA:483,0
DA:484,0
DA:485,1
DA:486,0
DA:487,0
DA:489,1
DA:491,2
DA:492,0
DA:496,0
DA:499,0
DA:501,0
DA:502,0
DA:503,0
DA:504,0
DA:505,0
DA:506,0
DA:507,0
DA:508,0
DA:509,0
DA:510,0
DA:512,0
DA:514,2
DA:520,0
DA:521,0
DA:522,0
DA:523,0
DA:531,0
DA:532,0
DA:533,0
DA:536,0
DA:538,2
DA:545,2
DA:546,2
DA:547,2
DA:550,3
DA:551,2
DA:552,2
DA:553,2
DA:554,1
DA:555,1
DA:566,4
DA:567,0
DA:569,4
DA:575,0
DA:576,0
DA:577,0
DA:578,0
DA:579,0
DA:580,0
DA:581,0
DA:635,0
DA:636,0
DA:638,0
DA:639,0
DA:640,0
DA:642,0
DA:643,0
DA:644,0
DA:645,0
DA:646,0
DA:647,0
DA:648,0
DA:649,0
DA:650,0
DA:651,0
DA:652,0
DA:653,0
DA:654,0
DA:655,0
DA:661,0
DA:662,0
DA:663,0
DA:664,0
DA:665,0
DA:666,0
DA:672,0
DA:673,0
DA:674,0
DA:676,0
DA:677,0
DA:678,0
DA:679,0
DA:680,0
DA:681,0
DA:682,0
DA:683,0
DA:684,0
DA:694,0
DA:695,0
DA:696,0
DA:697,0
DA:698,0
DA:700,0
DA:701,0
DA:702,0
DA:703,0
DA:704,0
DA:707,0
DA:708,0
DA:709,0
DA:710,0
DA:711,0
DA:712,0
DA:713,0
DA:714,0
DA:715,0
DA:716,0
DA:717,0
DA:718,0
DA:720,0
DA:721,0
DA:722,0
DA:723,0
DA:724,0
DA:727,0
DA:728,0
DA:729,0
DA:730,0
DA:731,0
DA:732,0
DA:733,0
DA:734,0
DA:735,0
DA:736,0
DA:737,0
DA:739,0
DA:763,0
DA:764,0
DA:765,0
DA:766,0
DA:767,0
DA:769,0
DA:770,0
DA:771,0
DA:772,0
DA:773,0
DA:774,0
DA:775,0
DA:776,0
DA:784,0
DA:785,0
DA:786,0
DA:788,0
DA:793,0
DA:794,0
DA:795,0
DA:801,0
DA:802,0
DA:804,0
DA:805,0
DA:806,0
DA:807,0
DA:808,0
DA:809,0
DA:810,0
DA:811,0
DA:813,0
DA:815,0
DA:817,0
DA:818,0
DA:826,0
DA:827,0
DA:829,0
DA:830,0
DA:832,0
DA:833,0
DA:836,0
DA:839,0
DA:841,0
DA:842,0
DA:843,0
DA:873,0
DA:877,1
DA:879,1
LF:403
LH:38
BRDA:101,0,0,0
BRDA:101,0,1,0
BRDA:106,1,0,0
BRDA:106,1,1,0
BRDA:120,2,0,0
BRDA:120,2,1,0
BRDA:153,3,0,0
BRDA:153,3,1,0
BRDA:157,4,0,0
BRDA:157,4,1,0
BRDA:171,5,0,0
BRDA:171,5,1,0
BRDA:171,5,2,0
BRDA:171,5,3,0
BRDA:171,5,4,0
BRDA:171,5,5,0
BRDA:171,5,6,0
BRDA:182,6,0,0
BRDA:182,6,1,0
BRDA:183,7,0,0
BRDA:183,7,1,0
BRDA:183,7,2,0
BRDA:183,7,3,0
BRDA:183,7,4,0
BRDA:183,7,5,0
BRDA:183,7,6,0
BRDA:230,8,0,0
BRDA:230,8,1,0
BRDA:237,9,0,0
BRDA:237,9,1,0
BRDA:277,10,0,0
BRDA:277,10,1,0
BRDA:290,11,0,0
BRDA:290,11,1,0
BRDA:290,12,0,0
BRDA:290,12,1,0
BRDA:295,13,0,0
BRDA:295,13,1,0
BRDA:300,14,0,0
BRDA:300,14,1,0
BRDA:301,15,0,0
BRDA:301,15,1,0
BRDA:301,15,2,0
BRDA:313,16,0,0
BRDA:313,16,1,0
BRDA:313,17,0,0
BRDA:313,17,1,0
BRDA:323,18,0,0
BRDA:323,18,1,0
BRDA:323,19,0,0
BRDA:323,19,1,0
BRDA:326,20,0,0
BRDA:326,20,1,0
BRDA:383,21,0,0
BRDA:383,21,1,0
BRDA:388,22,0,0
BRDA:388,22,1,0
BRDA:391,23,0,0
BRDA:391,23,1,0
BRDA:398,24,0,0
BRDA:398,24,1,0
BRDA:412,25,0,0
BRDA:412,25,1,0
BRDA:419,26,0,0
BRDA:419,26,1,0
BRDA:419,27,0,0
BRDA:419,27,1,0
BRDA:428,28,0,0
BRDA:428,28,1,0
BRDA:428,29,0,0
BRDA:428,29,1,0
BRDA:432,30,0,0
BRDA:432,30,1,0
BRDA:432,31,0,0
BRDA:432,31,1,0
BRDA:453,32,0,0
BRDA:453,32,1,0
BRDA:456,33,0,0
BRDA:456,33,1,0
BRDA:470,34,0,3
BRDA:470,34,1,3
BRDA:470,35,0,6
BRDA:470,35,1,6
BRDA:471,36,0,0
BRDA:471,36,1,3
BRDA:472,37,0,0
BRDA:472,37,1,0
BRDA:472,38,0,0
BRDA:472,38,1,0
BRDA:475,39,0,0
BRDA:475,39,1,0
BRDA:475,40,0,0
BRDA:475,40,1,0
BRDA:481,41,0,1
BRDA:481,41,1,2
BRDA:482,42,0,0
BRDA:482,42,1,1
BRDA:482,43,0,1
BRDA:482,43,1,1
BRDA:485,44,0,0
BRDA:485,44,1,1
BRDA:485,45,0,1
BRDA:485,45,1,0
BRDA:491,46,0,0
BRDA:491,46,1,2
BRDA:492,47,0,0
BRDA:492,47,1,0
BRDA:493,48,0,0
BRDA:493,48,1,0
BRDA:493,48,2,0
BRDA:493,48,3,0
BRDA:514,49,0,0
BRDA:514,49,1,2
BRDA:515,50,0,2
BRDA:515,50,1,2
BRDA:515,50,2,2
BRDA:515,50,3,2
BRDA:520,51,0,0
BRDA:520,51,1,0
BRDA:520,52,0,0
BRDA:520,52,1,0
BRDA:523,53,0,0
BRDA:523,53,1,0
BRDA:524,54,0,0
BRDA:524,54,1,0
BRDA:524,54,2,0
BRDA:524,54,3,0
BRDA:524,54,4,0
BRDA:524,54,5,0
BRDA:524,54,6,0
BRDA:531,55,0,0
BRDA:531,55,1,0
BRDA:538,56,0,2
BRDA:538,56,1,0
BRDA:539,57,0,2
BRDA:539,57,1,2
BRDA:539,57,2,2
BRDA:539,57,3,2
BRDA:539,57,4,2
BRDA:545,58,0,2
BRDA:545,58,1,0
BRDA:545,59,0,2
BRDA:545,59,1,2
BRDA:550,60,0,2
BRDA:550,60,1,1
BRDA:554,61,0,1
BRDA:554,61,1,0
BRDA:554,62,0,1
BRDA:554,62,1,1
BRDA:566,63,0,0
BRDA:566,63,1,4
BRDA:639,64,0,0
BRDA:639,64,1,0
BRDA:652,65,0,0
BRDA:652,65,1,0
BRDA:654,66,0,0
BRDA:654,66,1,0
BRDA:661,67,0,0
BRDA:661,67,1,0
BRDA:664,68,0,0
BRDA:664,68,1,0
BRDA:672,69,0,0
BRDA:672,69,1,0
BRDA:673,70,0,0
BRDA:673,70,1,0
BRDA:696,71,0,0
BRDA:696,71,1,0
BRDA:698,72,0,0
BRDA:698,72,1,0
BRDA:716,73,0,0
BRDA:716,73,1,0
BRDA:718,74,0,0
BRDA:718,74,1,0
BRDA:736,75,0,0
BRDA:736,75,1,0
BRDA:763,76,0,0
BRDA:763,76,1,0
BRDA:771,77,0,0
BRDA:771,77,1,0
BRDA:793,78,0,0
BRDA:793,78,1,0
BRDA:801,79,0,0
BRDA:801,79,1,0
BRDA:807,80,0,0
BRDA:807,80,1,0
BRDA:815,81,0,0
BRDA:815,81,1,0
BRDA:818,82,0,0
BRDA:818,82,1,0
BRDA:819,83,0,0
BRDA:819,83,1,0
BRDA:819,83,2,0
BRDA:819,83,3,0
BRDA:819,83,4,0
BRDA:819,83,5,0
BRDA:826,84,0,0
BRDA:826,84,1,0
BRDA:826,85,0,0
BRDA:826,85,1,0
BRDA:829,86,0,0
BRDA:829,86,1,0
BRDA:832,87,0,0
BRDA:832,87,1,0
BRDA:841,88,0,0
BRDA:841,88,1,0
BRF:205
BRH:33
end_of_record
